
Creating window glfw
Epochs: 0, Loss: 3298564864.0, lr: 0.004
Epochs: 1, Loss: 3227375104.0, lr: 0.004
Epochs: 2, Loss: 3138101248.0, lr: 0.004
Epochs: 3, Loss: 3067772672.0, lr: 0.004
Epochs: 4, Loss: 3013467136.0, lr: 0.004
Epochs: 5, Loss: 2958193152.0, lr: 0.004
Epochs: 6, Loss: 2904929280.0, lr: 0.004
Epochs: 7, Loss: 2859454976.0, lr: 0.004
Epochs: 8, Loss: 2820409856.0, lr: 0.004
Epochs: 9, Loss: 2783560448.0, lr: 0.004
Epochs: 10, Loss: 2747878144.0, lr: 0.004
Epochs: 11, Loss: 2715082240.0, lr: 0.004
Epochs: 12, Loss: 2686220800.0, lr: 0.004
Epochs: 13, Loss: 2660319488.0, lr: 0.004
Epochs: 14, Loss: 2635773696.0, lr: 0.004
Epochs: 15, Loss: 2612133120.0, lr: 0.004
Epochs: 16, Loss: 2590066688.0, lr: 0.004
Epochs: 17, Loss: 2570070784.0, lr: 0.004
Epochs: 18, Loss: 2551747584.0, lr: 0.004
Epochs: 19, Loss: 2534319104.0, lr: 0.004
Epochs: 20, Loss: 2517469184.0, lr: 0.004
Epochs: 21, Loss: 2501384192.0, lr: 0.004
Epochs: 22, Loss: 2486123008.0, lr: 0.004
Epochs: 23, Loss: 2471248640.0, lr: 0.004
Epochs: 24, Loss: 2456180992.0, lr: 0.004
Epochs: 25, Loss: 2440708864.0, lr: 0.004
Epochs: 26, Loss: 2424894976.0, lr: 0.004
Epochs: 27, Loss: 2408608256.0, lr: 0.004
Epochs: 28, Loss: 2391392000.0, lr: 0.004
Epochs: 29, Loss: 2372819456.0, lr: 0.004
Epochs: 30, Loss: 2352721152.0, lr: 0.004
Epochs: 31, Loss: 2330988800.0, lr: 0.004
Epochs: 32, Loss: 2307353600.0, lr: 0.004
Epochs: 33, Loss: 2281535488.0, lr: 0.004
Epochs: 34, Loss: 2253512448.0, lr: 0.004
Epochs: 35, Loss: 2223507200.0, lr: 0.004
Epochs: 36, Loss: 2191823104.0, lr: 0.004
Epochs: 37, Loss: 2158879488.0, lr: 0.004
Epochs: 38, Loss: 2125365248.0, lr: 0.004
Epochs: 39, Loss: 2092195200.0, lr: 0.004
Epochs: 40, Loss: 2060264960.0, lr: 0.004
Epochs: 41, Loss: 2030284544.0, lr: 0.004
Epochs: 42, Loss: 2002789248.0, lr: 0.004
Epochs: 43, Loss: 1978180480.0, lr: 0.004
Epochs: 44, Loss: 1956680576.0, lr: 0.004
Epochs: 45, Loss: 1938250624.0, lr: 0.004
Epochs: 46, Loss: 1922653952.0, lr: 0.004
Epochs: 47, Loss: 1909603968.0, lr: 0.004
Epochs: 48, Loss: 1898700032.0, lr: 0.004
Epochs: 49, Loss: 1889412608.0, lr: 0.004
Epochs: 50, Loss: 1881244160.0, lr: 0.004
Epochs: 51, Loss: 1873848576.0, lr: 0.004
Epochs: 52, Loss: 1866981376.0, lr: 0.004
Epochs: 53, Loss: 1860435328.0, lr: 0.004
Epochs: 54, Loss: 1854058752.0, lr: 0.004
Epochs: 55, Loss: 1847779456.0, lr: 0.004
Epochs: 56, Loss: 1841597696.0, lr: 0.004
Epochs: 57, Loss: 1835553280.0, lr: 0.004
Epochs: 58, Loss: 1829708288.0, lr: 0.004
Epochs: 59, Loss: 1824141568.0, lr: 0.004
Epochs: 60, Loss: 1818933504.0, lr: 0.004
Epochs: 61, Loss: 1814154496.0, lr: 0.004
Epochs: 62, Loss: 1809872768.0, lr: 0.004
Epochs: 63, Loss: 1806157312.0, lr: 0.004
Epochs: 64, Loss: 1803047808.0, lr: 0.004
Epochs: 65, Loss: 1800511872.0, lr: 0.004
Epochs: 66, Loss: 1798511104.0, lr: 0.004
Epochs: 67, Loss: 1797112832.0, lr: 0.004
Epochs: 68, Loss: 1796398336.0, lr: 0.004
Epochs: 69, Loss: 1796457088.0, lr: 0.004
Epochs: 70, Loss: 1797444864.0, lr: 0.004
Epochs: 71, Loss: 1799493760.0, lr: 0.004
Epochs: 72, Loss: 1802505600.0, lr: 0.004
Epochs: 73, Loss: 1806185600.0, lr: 0.004
Epochs: 74, Loss: 1810534016.0, lr: 0.004
Epochs: 75, Loss: 1815294720.0, lr: 0.004
Epochs: 76, Loss: 1820232192.0, lr: 0.004
Epochs: 77, Loss: 1825110400.0, lr: 0.004
Epochs: 78, Loss: 1829027328.0, lr: 0.004
Epochs: 79, Loss: 1832826880.0, lr: 0.004
Epochs: 80, Loss: 1836605824.0, lr: 0.004
Epochs: 81, Loss: 1838821504.0, lr: 0.004
Epochs: 82, Loss: 1836474752.0, lr: 0.004
Epochs: 83, Loss: 1829205504.0, lr: 0.004
Epochs: 84, Loss: 1817344512.0, lr: 0.004
Epochs: 85, Loss: 1801694208.0, lr: 0.004
Epochs: 86, Loss: 1784252288.0, lr: 0.004
Epochs: 87, Loss: 1767292544.0, lr: 0.004
Epochs: 88, Loss: 1752343808.0, lr: 0.004
Epochs: 89, Loss: 1739570560.0, lr: 0.004
Epochs: 90, Loss: 1728716160.0, lr: 0.004
Epochs: 91, Loss: 1719176320.0, lr: 0.004
Epochs: 92, Loss: 1710147200.0, lr: 0.004
Epochs: 93, Loss: 1701275520.0, lr: 0.004
Epochs: 94, Loss: 1694217088.0, lr: 0.004
Epochs: 95, Loss: 1689152128.0, lr: 0.004
Epochs: 96, Loss: 1685025792.0, lr: 0.004
Epochs: 97, Loss: 1681910016.0, lr: 0.004
Epochs: 98, Loss: 1679632128.0, lr: 0.004
Epochs: 99, Loss: 1677515904.0, lr: 0.004
Epochs: 100, Loss: 1674977024.0, lr: 0.004
Epochs: 101, Loss: 1671085440.0, lr: 0.004
Epochs: 102, Loss: 1665316864.0, lr: 0.004
Epochs: 103, Loss: 1658404224.0, lr: 0.004
Epochs: 104, Loss: 1651459584.0, lr: 0.004
Epochs: 105, Loss: 1645384320.0, lr: 0.004
Epochs: 106, Loss: 1640491392.0, lr: 0.004
Epochs: 107, Loss: 1636830976.0, lr: 0.004
Epochs: 108, Loss: 1634319872.0, lr: 0.004
Epochs: 109, Loss: 1632795776.0, lr: 0.004
Epochs: 110, Loss: 1631769472.0, lr: 0.004
Epochs: 111, Loss: 1630406528.0, lr: 0.004
Epochs: 112, Loss: 1628103424.0, lr: 0.004
Epochs: 113, Loss: 1625019136.0, lr: 0.004
Epochs: 114, Loss: 1621747072.0, lr: 0.004
Epochs: 115, Loss: 1618612096.0, lr: 0.004
Epochs: 116, Loss: 1615627392.0, lr: 0.004
Epochs: 117, Loss: 1612929536.0, lr: 0.004
Epochs: 118, Loss: 1610735872.0, lr: 0.004
Epochs: 119, Loss: 1609484160.0, lr: 0.004
Epochs: 120, Loss: 1609217792.0, lr: 0.004
Epochs: 121, Loss: 1610215424.0, lr: 0.004
Epochs: 122, Loss: 1613021824.0, lr: 0.004
Epochs: 123, Loss: 1617915008.0, lr: 0.004
Epochs: 124, Loss: 1622473728.0, lr: 0.004
Epochs: 125, Loss: 1627274240.0, lr: 0.004
Epochs: 126, Loss: 1633696896.0, lr: 0.004
Epochs: 127, Loss: 1635773952.0, lr: 0.004
Epochs: 128, Loss: 1631949184.0, lr: 0.004
Epochs: 129, Loss: 1627761920.0, lr: 0.004
Epochs: 130, Loss: 1621772544.0, lr: 0.004
Epochs: 131, Loss: 1614896768.0, lr: 0.004
Epochs: 132, Loss: 1608380416.0, lr: 0.004
Epochs: 133, Loss: 1602809344.0, lr: 0.004
Epochs: 134, Loss: 1598106368.0, lr: 0.004
Epochs: 135, Loss: 1593966720.0, lr: 0.004
Epochs: 136, Loss: 1590455424.0, lr: 0.004
Epochs: 137, Loss: 1587488512.0, lr: 0.004
Epochs: 138, Loss: 1585112832.0, lr: 0.004
Epochs: 139, Loss: 1583850240.0, lr: 0.004
Epochs: 140, Loss: 1583875456.0, lr: 0.004
Epochs: 141, Loss: 1584973312.0, lr: 0.004
Epochs: 142, Loss: 1586286080.0, lr: 0.004
Epochs: 143, Loss: 1586912000.0, lr: 0.004
Epochs: 144, Loss: 1586098048.0, lr: 0.004
Epochs: 145, Loss: 1584878080.0, lr: 0.004
Epochs: 146, Loss: 1584632320.0, lr: 0.004
Epochs: 147, Loss: 1583816832.0, lr: 0.004
Epochs: 148, Loss: 1583140864.0, lr: 0.004
Epochs: 149, Loss: 1582727424.0, lr: 0.004
Epochs: 150, Loss: 1582814336.0, lr: 0.004
Epochs: 151, Loss: 1583301376.0, lr: 0.004
Epochs: 152, Loss: 1583792640.0, lr: 0.004
Epochs: 153, Loss: 1584202368.0, lr: 0.004
Epochs: 154, Loss: 1584601472.0, lr: 0.004
Epochs: 155, Loss: 1584403712.0, lr: 0.004
Epochs: 156, Loss: 1582979584.0, lr: 0.004
Epochs: 157, Loss: 1580385024.0, lr: 0.004
Epochs: 158, Loss: 1577367936.0, lr: 0.004
Epochs: 159, Loss: 1574232320.0, lr: 0.004
Epochs: 160, Loss: 1571043200.0, lr: 0.004
Epochs: 161, Loss: 1568137216.0, lr: 0.004
Epochs: 162, Loss: 1565995136.0, lr: 0.004
Epochs: 163, Loss: 1565056768.0, lr: 0.004
Epochs: 164, Loss: 1565584640.0, lr: 0.004
Epochs: 165, Loss: 1567690752.0, lr: 0.004
Epochs: 166, Loss: 1571368832.0, lr: 0.004
Epochs: 167, Loss: 1576644608.0, lr: 0.004
Epochs: 168, Loss: 1583095168.0, lr: 0.004
Epochs: 169, Loss: 1590521600.0, lr: 0.004
Epochs: 170, Loss: 1598169856.0, lr: 0.004
Epochs: 171, Loss: 1603151744.0, lr: 0.004
Epochs: 172, Loss: 1603902336.0, lr: 0.004
Epochs: 173, Loss: 1601564672.0, lr: 0.004
Epochs: 174, Loss: 1596781696.0, lr: 0.004
Epochs: 175, Loss: 1590746624.0, lr: 0.004
Epochs: 176, Loss: 1584522496.0, lr: 0.004
Epochs: 177, Loss: 1578551296.0, lr: 0.004
Epochs: 178, Loss: 1572700288.0, lr: 0.004
Epochs: 179, Loss: 1567213056.0, lr: 0.004
Epochs: 180, Loss: 1562699264.0, lr: 0.004
Epochs: 181, Loss: 1559519744.0, lr: 0.004
Epochs: 182, Loss: 1558066688.0, lr: 0.004
Epochs: 183, Loss: 1558690176.0, lr: 0.004
Epochs: 184, Loss: 1562009344.0, lr: 0.004
Epochs: 185, Loss: 1567873664.0, lr: 0.004
Epochs: 186, Loss: 1575235968.0, lr: 0.004
Epochs: 187, Loss: 1583973632.0, lr: 0.004
Epochs: 188, Loss: 1593916544.0, lr: 0.004
Epochs: 189, Loss: 1603568768.0, lr: 0.004
Epochs: 190, Loss: 1610242560.0, lr: 0.004
Epochs: 191, Loss: 1611548544.0, lr: 0.004
Epochs: 192, Loss: 1606926208.0, lr: 0.004
Epochs: 193, Loss: 1598028416.0, lr: 0.004
Epochs: 194, Loss: 1587949440.0, lr: 0.004
Epochs: 195, Loss: 1578254720.0, lr: 0.004
Epochs: 196, Loss: 1568960000.0, lr: 0.004
Epochs: 197, Loss: 1560514688.0, lr: 0.004
Epochs: 198, Loss: 1553197056.0, lr: 0.004
Epochs: 199, Loss: 1547174784.0, lr: 0.004
Epochs: 200, Loss: 1543414400.0, lr: 0.004
Epochs: 201, Loss: 1543588352.0, lr: 0.004
Epochs: 202, Loss: 1549449728.0, lr: 0.004
Epochs: 203, Loss: 1565189632.0, lr: 0.004
Epochs: 204, Loss: 1595456384.0, lr: 0.004
Epochs: 205, Loss: 1640875264.0, lr: 0.004
Epochs: 206, Loss: 1689013248.0, lr: 0.004
Epochs: 207, Loss: 1744212224.0, lr: 0.004
Epochs: 208, Loss: 1794651264.0, lr: 0.004
Epochs: 209, Loss: 1823129984.0, lr: 0.004
Epochs: 210, Loss: 1805165568.0, lr: 0.004
Epochs: 211, Loss: 1771691520.0, lr: 0.004
Epochs: 212, Loss: 1717981824.0, lr: 0.004
Epochs: 213, Loss: 1675541760.0, lr: 0.004
Epochs: 214, Loss: 1651263744.0, lr: 0.004
Epochs: 215, Loss: 1625667328.0, lr: 0.004
Epochs: 216, Loss: 1606049280.0, lr: 0.004
Epochs: 217, Loss: 1591802368.0, lr: 0.004
Epochs: 218, Loss: 1580871680.0, lr: 0.004
Epochs: 219, Loss: 1571959168.0, lr: 0.004
Epochs: 220, Loss: 1564993408.0, lr: 0.004
Epochs: 221, Loss: 1558306176.0, lr: 0.004
Epochs: 222, Loss: 1544646784.0, lr: 0.004
Epochs: 223, Loss: 1540413312.0, lr: 0.004
Epochs: 224, Loss: 1548992128.0, lr: 0.004
Epochs: 225, Loss: 1573704704.0, lr: 0.004
Epochs: 226, Loss: 1636580352.0, lr: 0.004
Epochs: 227, Loss: 1751233280.0, lr: 0.004
Epochs: 228, Loss: 1931583232.0, lr: 0.004
Epochs: 229, Loss: 2143033472.0, lr: 0.004
Epochs: 230, Loss: 2203121920.0, lr: 0.004
Epochs: 231, Loss: 2125083008.0, lr: 0.004
Epochs: 232, Loss: 2250931968.0, lr: 0.004
Epochs: 233, Loss: 2219823616.0, lr: 0.004
Epochs: 234, Loss: 2086842496.0, lr: 0.004
Epochs: 235, Loss: 1922211968.0, lr: 0.004
Epochs: 236, Loss: 1734248448.0, lr: 0.004
Epochs: 237, Loss: 1664956544.0, lr: 0.004
Epochs: 238, Loss: 1636877824.0, lr: 0.004
Epochs: 239, Loss: 1667288448.0, lr: 0.004
Epochs: 240, Loss: 1757777024.0, lr: 0.004
Epochs: 241, Loss: 1821113856.0, lr: 0.004
Epochs: 242, Loss: 1765545728.0, lr: 0.004
Epochs: 243, Loss: 1675874304.0, lr: 0.004
Epochs: 244, Loss: 1614537728.0, lr: 0.004
Epochs: 245, Loss: 1574968704.0, lr: 0.004
Epochs: 246, Loss: 1550570240.0, lr: 0.004
Epochs: 247, Loss: 1537689344.0, lr: 0.004
Epochs: 248, Loss: 1538429056.0, lr: 0.004
Epochs: 249, Loss: 1560507008.0, lr: 0.004
Epochs: 250, Loss: 1578947328.0, lr: 0.001
########## Saving Trace ##########
Traceback (most recent call last):
  File "tv_value_synthesis_trajopt_cartpole.py", line 194, in <module>
    renderer.render(traj[:, selection, 0, :sim_params.nq].cpu().detach().numpy())
  File "/home/daniel/Repos/Mujoco_Python_Sandbox/value_gradient/mj_renderer.py", line 38, in render
    self.viewer.render()
  File "/home/daniel/.local/share/virtualenvs/Mujoco_Python_Sandbox-gNKKWzd6/lib/python3.7/site-packages/mujoco_py/mjviewer.py", line 206, in render
    render_inner_loop(self)
  File "/home/daniel/.local/share/virtualenvs/Mujoco_Python_Sandbox-gNKKWzd6/lib/python3.7/site-packages/mujoco_py/mjviewer.py", line 182, in render_inner_loop
    super().render()
  File "/home/daniel/.local/share/virtualenvs/Mujoco_Python_Sandbox-gNKKWzd6/lib/python3.7/site-packages/mujoco_py/mjviewer.py", line 58, in render
    super().render()
  File "mjrendercontext.pyx", line 329, in mujoco_py.cymj.MjRenderContextWindow.render
  File "/home/daniel/.local/share/virtualenvs/Mujoco_Python_Sandbox-gNKKWzd6/lib/python3.7/site-packages/glfw/__init__.py", line 2369, in swap_buffers
    _glfw.glfwSwapBuffers(window)
  File "/home/daniel/.local/share/virtualenvs/Mujoco_Python_Sandbox-gNKKWzd6/lib/python3.7/site-packages/glfw/__init__.py", line 682, in errcheck
    def errcheck(result, *args):
KeyboardInterrupt
During handling of the above exception, another exception occurred:
Traceback (most recent call last):
  File "tv_value_synthesis_trajopt_cartpole.py", line 210, in <module>
    model_scripted = torch.jit.script(dyn_system.value_func.to('cpu'))  # Export to TorchScript
  File "/home/daniel/.local/share/virtualenvs/Mujoco_Python_Sandbox-gNKKWzd6/lib/python3.7/site-packages/torch/jit/_script.py", line 1287, in script
    obj, torch.jit._recursive.infer_methods_to_compile
  File "/home/daniel/.local/share/virtualenvs/Mujoco_Python_Sandbox-gNKKWzd6/lib/python3.7/site-packages/torch/jit/_recursive.py", line 476, in create_script_module
    return create_script_module_impl(nn_module, concrete_type, stubs_fn)
  File "/home/daniel/.local/share/virtualenvs/Mujoco_Python_Sandbox-gNKKWzd6/lib/python3.7/site-packages/torch/jit/_recursive.py", line 542, in create_script_module_impl
    create_methods_and_properties_from_stubs(concrete_type, method_stubs, property_stubs)
  File "/home/daniel/.local/share/virtualenvs/Mujoco_Python_Sandbox-gNKKWzd6/lib/python3.7/site-packages/torch/jit/_recursive.py", line 393, in create_methods_and_properties_from_stubs
    concrete_type._create_methods_and_properties(property_defs, property_rcbs, method_defs, method_rcbs, method_defaults)
RuntimeError:
attribute lookup is not defined on python value of type 'SimulationParams':
  File "tv_value_synthesis_trajopt_cartpole.py", line 64
    def forward(self, t, x):
        time = torch.ones((sim_params.nsim, 1, 1)).to(device) * t
                           ~~~~~~~~~~~~~~~ <--- HERE
        aug_x = torch.cat((x, time), dim=2)
        return self.nn(aug_x)