
Creating window glfw
Epochs: 0, Loss: 3270786304.0, lr: 0.004
Epochs: 1, Loss: 3173373952.0, lr: 0.004
Epochs: 2, Loss: 3097353728.0, lr: 0.004
Epochs: 3, Loss: 3021916416.0, lr: 0.004
Epochs: 4, Loss: 2952310528.0, lr: 0.004
Epochs: 5, Loss: 2889662720.0, lr: 0.004
Epochs: 6, Loss: 2831281152.0, lr: 0.004
Epochs: 7, Loss: 2775059200.0, lr: 0.004
Epochs: 8, Loss: 2720967936.0, lr: 0.004
Epochs: 9, Loss: 2669702656.0, lr: 0.004
Epochs: 10, Loss: 2621254912.0, lr: 0.004
Epochs: 11, Loss: 2574728960.0, lr: 0.004
Epochs: 12, Loss: 2529160192.0, lr: 0.004
Epochs: 13, Loss: 2484223232.0, lr: 0.004
Epochs: 14, Loss: 2440068864.0, lr: 0.004
Epochs: 15, Loss: 2396747264.0, lr: 0.004
Epochs: 16, Loss: 2353985024.0, lr: 0.004
Epochs: 17, Loss: 2311472896.0, lr: 0.004
Epochs: 18, Loss: 2269165312.0, lr: 0.004
Epochs: 19, Loss: 2227138816.0, lr: 0.004
Epochs: 20, Loss: 2185218048.0, lr: 0.004
Epochs: 21, Loss: 2142866944.0, lr: 0.004
Epochs: 22, Loss: 2099538944.0, lr: 0.004
Epochs: 23, Loss: 2055067520.0, lr: 0.004
Epochs: 24, Loss: 2009695360.0, lr: 0.004
Epochs: 25, Loss: 1963847552.0, lr: 0.004
Epochs: 26, Loss: 1917953664.0, lr: 0.004
Epochs: 27, Loss: 1872393216.0, lr: 0.004
Epochs: 28, Loss: 1827401600.0, lr: 0.004
Epochs: 29, Loss: 1782916864.0, lr: 0.004
Epochs: 30, Loss: 1738592896.0, lr: 0.004
Epochs: 31, Loss: 1694151680.0, lr: 0.004
Epochs: 32, Loss: 1649811584.0, lr: 0.004
Epochs: 33, Loss: 1606354304.0, lr: 0.004
Epochs: 34, Loss: 1564763136.0, lr: 0.004
Epochs: 35, Loss: 1525757056.0, lr: 0.004
Epochs: 36, Loss: 1489555712.0, lr: 0.004
Epochs: 37, Loss: 1455817600.0, lr: 0.004
Epochs: 38, Loss: 1423737472.0, lr: 0.004
Epochs: 39, Loss: 1392395776.0, lr: 0.004
Epochs: 40, Loss: 1361265408.0, lr: 0.004
Epochs: 41, Loss: 1330512128.0, lr: 0.004
Epochs: 42, Loss: 1300838400.0, lr: 0.004
Epochs: 43, Loss: 1272991488.0, lr: 0.004
Epochs: 44, Loss: 1247235072.0, lr: 0.004
Epochs: 45, Loss: 1223013632.0, lr: 0.004
Epochs: 46, Loss: 1198969216.0, lr: 0.004
Epochs: 47, Loss: 1173483648.0, lr: 0.004
Epochs: 48, Loss: 1145604608.0, lr: 0.004
Epochs: 49, Loss: 1115669760.0, lr: 0.004
Epochs: 50, Loss: 1084857600.0, lr: 0.004
Epochs: 51, Loss: 1053849280.0, lr: 0.004
Epochs: 52, Loss: 1021840320.0, lr: 0.004
Epochs: 53, Loss: 986938752.0, lr: 0.004
Epochs: 54, Loss: 947915776.0, lr: 0.004
Epochs: 55, Loss: 905672128.0, lr: 0.004
Epochs: 56, Loss: 863743936.0, lr: 0.004
Epochs: 57, Loss: 829996608.0, lr: 0.004
Epochs: 58, Loss: 816148416.0, lr: 0.004
Epochs: 59, Loss: 828182016.0, lr: 0.004
Epochs: 60, Loss: 865322688.0, lr: 0.004
Epochs: 61, Loss: 916753984.0, lr: 0.004
Epochs: 62, Loss: 1005963200.0, lr: 0.004
Epochs: 63, Loss: 1110742144.0, lr: 0.004
Epochs: 64, Loss: 1247287936.0, lr: 0.004
Epochs: 65, Loss: 1326614272.0, lr: 0.004
Epochs: 66, Loss: 1418153344.0, lr: 0.004
Epochs: 67, Loss: 1431174784.0, lr: 0.004
Epochs: 68, Loss: 1372861696.0, lr: 0.004
Epochs: 69, Loss: 1301481984.0, lr: 0.004
Epochs: 70, Loss: 1255547392.0, lr: 0.004
Epochs: 71, Loss: 1236109440.0, lr: 0.004
Epochs: 72, Loss: 1121752064.0, lr: 0.004
Epochs: 73, Loss: 973938176.0, lr: 0.004
Epochs: 74, Loss: 884664576.0, lr: 0.004
Epochs: 75, Loss: 841071936.0, lr: 0.004
Epochs: 76, Loss: 839230592.0, lr: 0.004
Epochs: 77, Loss: 810412224.0, lr: 0.004
Epochs: 78, Loss: 759698880.0, lr: 0.004
Epochs: 79, Loss: 716540928.0, lr: 0.004
Epochs: 80, Loss: 683685824.0, lr: 0.004
Epochs: 81, Loss: 658561024.0, lr: 0.004
Epochs: 82, Loss: 604147776.0, lr: 0.004
Epochs: 83, Loss: 544936064.0, lr: 0.004
Epochs: 84, Loss: 486860864.0, lr: 0.004
Epochs: 85, Loss: 451514304.0, lr: 0.004
Epochs: 86, Loss: 432706912.0, lr: 0.004
Epochs: 87, Loss: 415278560.0, lr: 0.004
Epochs: 88, Loss: 417808224.0, lr: 0.004
Epochs: 89, Loss: 392678080.0, lr: 0.004
Epochs: 90, Loss: 339948928.0, lr: 0.004
Epochs: 91, Loss: 282439968.0, lr: 0.004
Epochs: 92, Loss: 241623008.0, lr: 0.004
Epochs: 93, Loss: 219264112.0, lr: 0.004
Epochs: 94, Loss: 209612208.0, lr: 0.004
Epochs: 95, Loss: 205381888.0, lr: 0.004
Epochs: 96, Loss: 202146800.0, lr: 0.004
Epochs: 97, Loss: 189223312.0, lr: 0.004
Epochs: 98, Loss: 163428736.0, lr: 0.004
Epochs: 99, Loss: 137239664.0, lr: 0.004
Epochs: 100, Loss: 118557728.0, lr: 0.004
Epochs: 101, Loss: 106930648.0, lr: 0.004
Epochs: 102, Loss: 99872160.0, lr: 0.004
Epochs: 103, Loss: 94241912.0, lr: 0.004
Epochs: 104, Loss: 86053408.0, lr: 0.004
Epochs: 105, Loss: 74475016.0, lr: 0.004
Epochs: 106, Loss: 63210876.0, lr: 0.004
Epochs: 107, Loss: 55271944.0, lr: 0.004
Epochs: 108, Loss: 50498288.0, lr: 0.004
Epochs: 109, Loss: 47669260.0, lr: 0.004
Epochs: 110, Loss: 45730028.0, lr: 0.004
Epochs: 111, Loss: 43584396.0, lr: 0.004
Epochs: 112, Loss: 40695740.0, lr: 0.004
Epochs: 113, Loss: 37716604.0, lr: 0.004
Epochs: 114, Loss: 35467084.0, lr: 0.004
Epochs: 115, Loss: 33841356.0, lr: 0.004
Epochs: 116, Loss: 32434052.0, lr: 0.004
Epochs: 117, Loss: 31202374.0, lr: 0.004
Epochs: 118, Loss: 30036608.0, lr: 0.004
Epochs: 119, Loss: 28769402.0, lr: 0.004
Epochs: 120, Loss: 27602738.0, lr: 0.004
Epochs: 121, Loss: 26669376.0, lr: 0.004
Epochs: 122, Loss: 25739666.0, lr: 0.004
Epochs: 123, Loss: 24777112.0, lr: 0.004
Epochs: 124, Loss: 23945844.0, lr: 0.004
Epochs: 125, Loss: 23201276.0, lr: 0.004
Epochs: 126, Loss: 22512948.0, lr: 0.004
Epochs: 127, Loss: 21950160.0, lr: 0.004
Epochs: 128, Loss: 21411238.0, lr: 0.004
Epochs: 129, Loss: 20840532.0, lr: 0.004
Epochs: 130, Loss: 20364238.0, lr: 0.004
Epochs: 131, Loss: 19980254.0, lr: 0.004
Epochs: 132, Loss: 19625320.0, lr: 0.004
Epochs: 133, Loss: 19336790.0, lr: 0.004
Epochs: 134, Loss: 19091068.0, lr: 0.004
Epochs: 135, Loss: 18860332.0, lr: 0.004
Epochs: 136, Loss: 18692880.0, lr: 0.004
Epochs: 137, Loss: 18559604.0, lr: 0.004
Epochs: 138, Loss: 18419424.0, lr: 0.004
Epochs: 139, Loss: 18308636.0, lr: 0.004
Epochs: 140, Loss: 18227472.0, lr: 0.004
Epochs: 141, Loss: 18160864.0, lr: 0.004
Epochs: 142, Loss: 18119862.0, lr: 0.004
Epochs: 143, Loss: 18077060.0, lr: 0.004
Epochs: 144, Loss: 18020338.0, lr: 0.004
Epochs: 145, Loss: 17976174.0, lr: 0.004
Epochs: 146, Loss: 17939590.0, lr: 0.004
Epochs: 147, Loss: 17903956.0, lr: 0.004
Epochs: 148, Loss: 17872412.0, lr: 0.004
Epochs: 149, Loss: 17828642.0, lr: 0.004
Epochs: 150, Loss: 17776326.0, lr: 0.004
########## Saving Trace ##########
Traceback (most recent call last):
  File "tv_value_synthesis_trajopt_cartpole.py", line 177, in <module>
    traj, dtraj_dt = odeint(dyn_system, x_init, time, method='euler', options=dict(step_size=dt))
  File "/home/daniel/.local/share/virtualenvs/Mujoco_Python_Sandbox-gNKKWzd6/lib/python3.7/site-packages/torchdiffeq_ctrl/_impl/adjoint.py", line 209, in odeint_adjoint
    adjoint_method, adjoint_options, t.requires_grad, *adjoint_params)
  File "/home/daniel/.local/share/virtualenvs/Mujoco_Python_Sandbox-gNKKWzd6/lib/python3.7/site-packages/torchdiffeq_ctrl/_impl/adjoint.py", line 23, in forward
    ans, ans_dt = odeint(func, y0, t, rtol=rtol, atol=atol, method=method, options=options)
  File "/home/daniel/.local/share/virtualenvs/Mujoco_Python_Sandbox-gNKKWzd6/lib/python3.7/site-packages/torchdiffeq_ctrl/_impl/odeint.py", line 57, in odeint
    solution, solution_dt = solver.integrate(t)
  File "/home/daniel/.local/share/virtualenvs/Mujoco_Python_Sandbox-gNKKWzd6/lib/python3.7/site-packages/torchdiffeq_ctrl/_impl/solvers.py", line 77, in integrate
    solution[j] = self._linear_interp(t0, t1, y0, y1, t[j])
  File "/home/daniel/.local/share/virtualenvs/Mujoco_Python_Sandbox-gNKKWzd6/lib/python3.7/site-packages/torchdiffeq_ctrl/_impl/solvers.py", line 101, in _linear_interp
    if t == t1:
KeyboardInterrupt
During handling of the above exception, another exception occurred:
Traceback (most recent call last):
  File "tv_value_synthesis_trajopt_cartpole.py", line 218, in <module>
    model_scripted = torch.jit.script(dyn_system.value_func.to('cpu'))  # Export to TorchScript
  File "/home/daniel/.local/share/virtualenvs/Mujoco_Python_Sandbox-gNKKWzd6/lib/python3.7/site-packages/torch/jit/_script.py", line 1287, in script
    obj, torch.jit._recursive.infer_methods_to_compile
  File "/home/daniel/.local/share/virtualenvs/Mujoco_Python_Sandbox-gNKKWzd6/lib/python3.7/site-packages/torch/jit/_recursive.py", line 476, in create_script_module
    return create_script_module_impl(nn_module, concrete_type, stubs_fn)
  File "/home/daniel/.local/share/virtualenvs/Mujoco_Python_Sandbox-gNKKWzd6/lib/python3.7/site-packages/torch/jit/_recursive.py", line 542, in create_script_module_impl
    create_methods_and_properties_from_stubs(concrete_type, method_stubs, property_stubs)
  File "/home/daniel/.local/share/virtualenvs/Mujoco_Python_Sandbox-gNKKWzd6/lib/python3.7/site-packages/torch/jit/_recursive.py", line 393, in create_methods_and_properties_from_stubs
    concrete_type._create_methods_and_properties(property_defs, property_rcbs, method_defs, method_rcbs, method_defaults)
RuntimeError:
attribute lookup is not defined on python value of type 'SimulationParams':
  File "tv_value_synthesis_trajopt_cartpole.py", line 64
    def forward(self, t, x):
        time = torch.ones((sim_params.nsim, 1, 1)).to(device) * t
                           ~~~~~~~~~~~~~~~ <--- HERE
        aug_x = torch.cat((x, time), dim=2)
        return self.nn(aug_x)