
Creating window glfw
Epochs: 0, Loss: 1527347281920.0, lr: 0.004
########## Saving Trace ##########
Traceback (most recent call last):
  File "tv_value_synthesis_trajopt_cartpole.py", line 194, in <module>
    renderer.render(traj[:, selection, 0, :sim_params.nq].cpu().detach().numpy())
  File "/home/daniel/Repos/Mujoco_Python_Sandbox/value_gradient/mj_renderer.py", line 39, in render
    sleep(self.dt)
KeyboardInterrupt
During handling of the above exception, another exception occurred:
Traceback (most recent call last):
  File "tv_value_synthesis_trajopt_cartpole.py", line 209, in <module>
    model_scripted = torch.jit.script(dyn_system.value_func.to('cpu'))  # Export to TorchScript
  File "/home/daniel/.local/share/virtualenvs/Mujoco_Python_Sandbox-gNKKWzd6/lib/python3.7/site-packages/torch/jit/_script.py", line 1287, in script
    obj, torch.jit._recursive.infer_methods_to_compile
  File "/home/daniel/.local/share/virtualenvs/Mujoco_Python_Sandbox-gNKKWzd6/lib/python3.7/site-packages/torch/jit/_recursive.py", line 476, in create_script_module
    return create_script_module_impl(nn_module, concrete_type, stubs_fn)
  File "/home/daniel/.local/share/virtualenvs/Mujoco_Python_Sandbox-gNKKWzd6/lib/python3.7/site-packages/torch/jit/_recursive.py", line 542, in create_script_module_impl
    create_methods_and_properties_from_stubs(concrete_type, method_stubs, property_stubs)
  File "/home/daniel/.local/share/virtualenvs/Mujoco_Python_Sandbox-gNKKWzd6/lib/python3.7/site-packages/torch/jit/_recursive.py", line 393, in create_methods_and_properties_from_stubs
    concrete_type._create_methods_and_properties(property_defs, property_rcbs, method_defs, method_rcbs, method_defaults)
RuntimeError:
attribute lookup is not defined on python value of type 'SimulationParams':
  File "tv_value_synthesis_trajopt_cartpole.py", line 64
    def forward(self, t, x):
        time = torch.ones((sim_params.nsim, 1, 1)).to(device) * t
                           ~~~~~~~~~~~~~~~ <--- HERE
        aug_x = torch.cat((x, time), dim=2)
        return self.nn(aug_x)