Creating window glfw
Epochs: 1, Loss: 12135798784.0, lr: 0.009940030040090253, time: 50
Epochs: 2, Loss: 11991846912.0, lr: 0.009880120321448116, time: 50
Epochs: 3, Loss: 11641828352.0, lr: 0.009820271087351824, time: 50
Epochs: 4, Loss: 11300308992.0, lr: 0.009760482583301363, time: 50
Epochs: 5, Loss: 10962650112.0, lr: 0.009700755057050188, time: 50
Epochs: 6, Loss: 10621495296.0, lr: 0.009641088758637567, time: 50
Epochs: 7, Loss: 10284432384.0, lr: 0.00958148394042156, time: 50
Epochs: 8, Loss: 9954093056.0, lr: 0.009521940857112636, time: 50
Epochs: 9, Loss: 9609198592.0, lr: 0.009462459765807965, time: 50
Epochs: 10, Loss: 8799980544.0, lr: 0.00940304092602639, time: 59
Epochs: 11, Loss: 8410007040.0, lr: 0.009343684599744093, time: 59
Epochs: 12, Loss: 7964917248.0, lr: 0.009284391051430982, time: 59
Epochs: 13, Loss: 7500667904.0, lr: 0.00922516054808782, time: 59
Epochs: 14, Loss: 7058878976.0, lr: 0.009165993359284084, time: 59
Epochs: 15, Loss: 6546789888.0, lr: 0.009106889757196639, time: 59
Epochs: 16, Loss: 6105933824.0, lr: 0.009047850016649154, time: 59
Epochs: 17, Loss: 5667562496.0, lr: 0.008988874415152377, time: 59
Epochs: 18, Loss: 5227944448.0, lr: 0.008929963232945216, time: 59
Epochs: 19, Loss: 4709494272.0, lr: 0.008871116753036697, time: 59
Epochs: 20, Loss: 4029901056.0, lr: 0.008812335261248791, time: 65
Epochs: 21, Loss: 3690546176.0, lr: 0.008753619046260144, time: 65
Epochs: 22, Loss: 3341648384.0, lr: 0.00869496839965074, time: 65
Epochs: 23, Loss: 3118644992.0, lr: 0.008636383615947521, time: 65
Epochs: 24, Loss: 2979133184.0, lr: 0.00857786499267097, time: 65
Epochs: 25, Loss: 2798487296.0, lr: 0.008519412830382721, time: 65
Epochs: 26, Loss: 2719063552.0, lr: 0.008461027432734181, time: 65
Epochs: 27, Loss: 2617170176.0, lr: 0.008402709106516233, time: 65
Epochs: 28, Loss: 2565892608.0, lr: 0.008344458161710002, time: 65
Epochs: 29, Loss: 2538921728.0, lr: 0.008286274911538785, time: 65
Epochs: 30, Loss: 2561123328.0, lr: 0.008228159672521091, time: 70
Epochs: 31, Loss: 2556885248.0, lr: 0.008170112764524893, time: 70
Epochs: 32, Loss: 2564016128.0, lr: 0.008112134510823083, time: 70
Epochs: 33, Loss: 2559814656.0, lr: 0.008054225238150201, time: 70
Epochs: 34, Loss: 2553504000.0, lr: 0.007996385276760424, time: 70
Epochs: 35, Loss: 2542955264.0, lr: 0.007938614960486916, time: 70
Epochs: 36, Loss: 2526798080.0, lr: 0.00788091462680252, time: 70
Epochs: 37, Loss: 2505091328.0, lr: 0.007823284616881854, time: 70
Epochs: 38, Loss: 2478539264.0, lr: 0.007765725275664881, time: 70
Epochs: 39, Loss: 2448116992.0, lr: 0.007708236951921931, time: 70
Epochs: 40, Loss: 2607727104.0, lr: 0.007650819998320297, time: 74
Epochs: 41, Loss: 2573338624.0, lr: 0.007593474771492367, time: 74
Epochs: 42, Loss: 2538786048.0, lr: 0.007536201632105431, time: 74
Epochs: 43, Loss: 2505327360.0, lr: 0.007479000944933124, time: 74
Epochs: 44, Loss: 2473975808.0, lr: 0.007421873078928632, time: 74
Epochs: 45, Loss: 2445375488.0, lr: 0.007364818407299646, time: 74
Epochs: 46, Loss: 2419939584.0, lr: 0.007307837307585186, time: 74
Epochs: 47, Loss: 2397789952.0, lr: 0.007250930161734293, time: 74
Epochs: 48, Loss: 2378795520.0, lr: 0.00719409735618669, time: 74
Epochs: 49, Loss: 2362551808.0, lr: 0.007137339281955456, time: 74
Epochs: 50, Loss: 2577221632.0, lr: 0.007080656334711765, time: 77
Epochs: 51, Loss: 2565955840.0, lr: 0.007024048914871794, time: 77
Epochs: 52, Loss: 2555902208.0, lr: 0.006967517427685831, time: 77
Epochs: 53, Loss: 2546495744.0, lr: 0.006911062283329664, time: 77
Epochs: 54, Loss: 2537237504.0, lr: 0.006854683896998351, time: 77
Epochs: 55, Loss: 2527721728.0, lr: 0.006798382689002409, time: 77
########## Saving Trace ##########
Traceback (most recent call last):
  File "tv_value_synthesis_trajopt_cartpole.py", line 201, in <module>
    loss.backward()
  File "/home/daniel/.local/share/virtualenvs/Mujoco_Python_Sandbox-gNKKWzd6/lib/python3.7/site-packages/torch/_tensor.py", line 488, in backward
    self, gradient, retain_graph, create_graph, inputs=inputs
  File "/home/daniel/.local/share/virtualenvs/Mujoco_Python_Sandbox-gNKKWzd6/lib/python3.7/site-packages/torch/autograd/__init__.py", line 199, in backward
    allow_unreachable=True, accumulate_grad=True)  # Calls into the C++ engine to run the backward pass
KeyboardInterrupt
During handling of the above exception, another exception occurred:
Traceback (most recent call last):
  File "tv_value_synthesis_trajopt_cartpole.py", line 239, in <module>
    model_scripted = torch.jit.script(dyn_system.value_func.to('cpu'))  # Export to TorchScript
  File "/home/daniel/.local/share/virtualenvs/Mujoco_Python_Sandbox-gNKKWzd6/lib/python3.7/site-packages/torch/jit/_script.py", line 1287, in script
    obj, torch.jit._recursive.infer_methods_to_compile
  File "/home/daniel/.local/share/virtualenvs/Mujoco_Python_Sandbox-gNKKWzd6/lib/python3.7/site-packages/torch/jit/_recursive.py", line 476, in create_script_module
    return create_script_module_impl(nn_module, concrete_type, stubs_fn)
  File "/home/daniel/.local/share/virtualenvs/Mujoco_Python_Sandbox-gNKKWzd6/lib/python3.7/site-packages/torch/jit/_recursive.py", line 538, in create_script_module_impl
    script_module = torch.jit.RecursiveScriptModule._construct(cpp_module, init_fn)
  File "/home/daniel/.local/share/virtualenvs/Mujoco_Python_Sandbox-gNKKWzd6/lib/python3.7/site-packages/torch/jit/_script.py", line 615, in _construct
    init_fn(script_module)
  File "/home/daniel/.local/share/virtualenvs/Mujoco_Python_Sandbox-gNKKWzd6/lib/python3.7/site-packages/torch/jit/_recursive.py", line 516, in init_fn
    scripted = create_script_module_impl(orig_value, sub_concrete_type, stubs_fn)
  File "/home/daniel/.local/share/virtualenvs/Mujoco_Python_Sandbox-gNKKWzd6/lib/python3.7/site-packages/torch/jit/_recursive.py", line 538, in create_script_module_impl
    script_module = torch.jit.RecursiveScriptModule._construct(cpp_module, init_fn)
  File "/home/daniel/.local/share/virtualenvs/Mujoco_Python_Sandbox-gNKKWzd6/lib/python3.7/site-packages/torch/jit/_script.py", line 615, in _construct
    init_fn(script_module)
  File "/home/daniel/.local/share/virtualenvs/Mujoco_Python_Sandbox-gNKKWzd6/lib/python3.7/site-packages/torch/jit/_recursive.py", line 516, in init_fn
    scripted = create_script_module_impl(orig_value, sub_concrete_type, stubs_fn)
  File "/home/daniel/.local/share/virtualenvs/Mujoco_Python_Sandbox-gNKKWzd6/lib/python3.7/site-packages/torch/jit/_recursive.py", line 488, in create_script_module_impl
    method_stubs = stubs_fn(nn_module)
  File "/home/daniel/.local/share/virtualenvs/Mujoco_Python_Sandbox-gNKKWzd6/lib/python3.7/site-packages/torch/jit/_recursive.py", line 723, in infer_methods_to_compile
    for name in dir(nn_module):
  File "/home/daniel/.local/share/virtualenvs/Mujoco_Python_Sandbox-gNKKWzd6/lib/python3.7/site-packages/torch/nn/modules/module.py", line 2028, in __dir__
    keys = [key for key in keys if not key[0].isdigit()]
  File "/home/daniel/.local/share/virtualenvs/Mujoco_Python_Sandbox-gNKKWzd6/lib/python3.7/site-packages/torch/nn/modules/module.py", line 2028, in <listcomp>
    keys = [key for key in keys if not key[0].isdigit()]
KeyboardInterrupt