
Creating window glfw
Epochs: 1, Loss: 1061553408.0, lr: 0.004, time: 75, False, 6448.63623046875
Epochs: 2, Loss: 1045723072.0, lr: 0.004, time: 75, False, 6401.4384765625
Epochs: 3, Loss: 1030203008.0, lr: 0.004, time: 75, False, 6354.673828125
Epochs: 4, Loss: 1014860416.0, lr: 0.004, time: 75, False, 6308.01123046875
Epochs: 5, Loss: 999604672.0, lr: 0.004, time: 75, False, 6261.18115234375
Epochs: 6, Loss: 984422464.0, lr: 0.004, time: 75, False, 6214.134765625
Epochs: 7, Loss: 969150016.0, lr: 0.004, time: 75, False, 6166.38916015625
Epochs: 8, Loss: 953907776.0, lr: 0.004, time: 75, False, 6118.24853515625
Epochs: 9, Loss: 938467328.0, lr: 0.004, time: 75, False, 6069.0703125
Epochs: 10, Loss: 922837184.0, lr: 0.004, time: 75, False, 6018.9375
Epochs: 11, Loss: 906936384.0, lr: 0.004, time: 75, False, 5967.44873046875
Epochs: 12, Loss: 890790592.0, lr: 0.004, time: 75, False, 5914.76025390625
Epochs: 13, Loss: 874258176.0, lr: 0.004, time: 75, False, 5860.40380859375
Epochs: 14, Loss: 857205376.0, lr: 0.004, time: 75, False, 5804.0966796875
Epochs: 15, Loss: 839994112.0, lr: 0.004, time: 75, False, 5746.55419921875
Epochs: 16, Loss: 821845248.0, lr: 0.004, time: 75, False, 5685.73779296875
Epochs: 17, Loss: 803359488.0, lr: 0.004, time: 75, False, 5623.201171875
Epochs: 18, Loss: 784566784.0, lr: 0.004, time: 75, False, 5558.94873046875
Epochs: 19, Loss: 764930560.0, lr: 0.004, time: 75, False, 5491.44921875
Epochs: 20, Loss: 744854720.0, lr: 0.004, time: 75, False, 5421.70166015625
Epochs: 21, Loss: 724220544.0, lr: 0.004, time: 75, False, 5349.28857421875
Epochs: 22, Loss: 703108800.0, lr: 0.004, time: 75, False, 5274.4248046875
Epochs: 23, Loss: 681638976.0, lr: 0.004, time: 75, False, 5197.07763671875
Epochs: 24, Loss: 659714304.0, lr: 0.004, time: 75, False, 5116.8974609375
Epochs: 25, Loss: 637606848.0, lr: 0.004, time: 75, False, 5034.71875
Epochs: 26, Loss: 615241728.0, lr: 0.004, time: 75, False, 4949.994140625
Epochs: 27, Loss: 592956032.0, lr: 0.004, time: 75, False, 4863.48193359375
Epochs: 28, Loss: 570553472.0, lr: 0.004, time: 75, False, 4774.376953125
Epochs: 29, Loss: 548325312.0, lr: 0.004, time: 75, False, 4683.576171875
Epochs: 30, Loss: 526890816.0, lr: 0.004, time: 75, False, 4592.50048828125
Epochs: 31, Loss: 505610688.0, lr: 0.004, time: 75, False, 4499.5322265625
Epochs: 32, Loss: 485297984.0, lr: 0.004, time: 75, False, 4406.541015625
Epochs: 33, Loss: 465735040.0, lr: 0.004, time: 75, False, 4312.97021484375
Epochs: 34, Loss: 447827424.0, lr: 0.004, time: 75, False, 4221.88916015625
Epochs: 35, Loss: 431001280.0, lr: 0.004, time: 75, False, 4131.45361328125
Epochs: 36, Loss: 416047744.0, lr: 0.004, time: 75, False, 4044.48486328125
Epochs: 37, Loss: 402418304.0, lr: 0.004, time: 75, False, 3959.60888671875
Epochs: 38, Loss: 390494624.0, lr: 0.004, time: 75, False, 3878.758544921875
Epochs: 39, Loss: 379583008.0, lr: 0.004, time: 75, False, 3800.229248046875
Epochs: 40, Loss: 370039392.0, lr: 0.004, time: 75, False, 3726.35205078125
Epochs: 41, Loss: 360850400.0, lr: 0.004, time: 75, False, 3654.177978515625
Epochs: 42, Loss: 356273664.0, lr: 0.004, time: 75, False, 3596.02783203125
Epochs: 43, Loss: 351748352.0, lr: 0.004, time: 75, False, 3542.231201171875
Epochs: 44, Loss: 339499104.0, lr: 0.004, time: 75, False, 3468.917724609375
Epochs: 45, Loss: 338239360.0, lr: 0.004, time: 75, False, 3430.42626953125
Epochs: 46, Loss: 328744320.0, lr: 0.004, time: 75, False, 3372.294677734375
Epochs: 47, Loss: 335119072.0, lr: 0.004, time: 75, False, 3363.929931640625
Epochs: 48, Loss: 320036032.0, lr: 0.004, time: 75, False, 3299.849609375
Epochs: 49, Loss: 314362336.0, lr: 0.004, time: 75, False, 3265.428955078125
Epochs: 50, Loss: 314024736.0, lr: 0.004, time: 75, False, 3253.2431640625
Epochs: 51, Loss: 310364512.0, lr: 0.004, time: 75, False, 3233.1083984375
Epochs: 52, Loss: 301276640.0, lr: 0.004, time: 75, False, 3201.354736328125
Epochs: 53, Loss: 295461504.0, lr: 0.004, time: 75, False, 3181.245361328125
Epochs: 54, Loss: 290147840.0, lr: 0.004, time: 75, False, 3165.40185546875
Epochs: 55, Loss: 285267296.0, lr: 0.004, time: 75, False, 3153.186767578125
Epochs: 56, Loss: 280759616.0, lr: 0.004, time: 75, False, 3142.93359375
Epochs: 57, Loss: 275972960.0, lr: 0.004, time: 75, False, 3132.87158203125
Epochs: 58, Loss: 271411360.0, lr: 0.004, time: 75, False, 3123.998046875
Epochs: 59, Loss: 266874528.0, lr: 0.004, time: 75, False, 3114.8134765625
Epochs: 60, Loss: 262393712.0, lr: 0.004, time: 75, False, 3105.050048828125
Epochs: 61, Loss: 258063184.0, lr: 0.004, time: 75, False, 3094.748779296875
Epochs: 62, Loss: 253915616.0, lr: 0.004, time: 75, False, 3083.863037109375
Epochs: 63, Loss: 249995248.0, lr: 0.004, time: 75, False, 3072.418701171875
Epochs: 64, Loss: 246072096.0, lr: 0.004, time: 75, False, 3059.14111328125
Epochs: 65, Loss: 242183968.0, lr: 0.004, time: 75, False, 3044.2255859375
Epochs: 66, Loss: 238399264.0, lr: 0.004, time: 75, False, 3028.05126953125
Epochs: 67, Loss: 234720816.0, lr: 0.004, time: 75, False, 3010.619873046875
Epochs: 68, Loss: 231041264.0, lr: 0.004, time: 75, False, 2991.51171875
Epochs: 69, Loss: 226868128.0, lr: 0.004, time: 75, False, 2968.828125
Epochs: 70, Loss: 223439776.0, lr: 0.004, time: 75, False, 2947.89794921875
Epochs: 71, Loss: 220112224.0, lr: 0.004, time: 75, False, 2926.37109375
Epochs: 72, Loss: 216381472.0, lr: 0.004, time: 75, False, 2901.654296875
Epochs: 73, Loss: 212781792.0, lr: 0.004, time: 75, False, 2876.598388671875
Epochs: 74, Loss: 209243968.0, lr: 0.004, time: 75, False, 2850.934814453125
Epochs: 75, Loss: 205509472.0, lr: 0.004, time: 75, False, 2823.5712890625
Epochs: 76, Loss: 202017792.0, lr: 0.004, time: 75, False, 2796.713623046875
Epochs: 77, Loss: 198526432.0, lr: 0.004, time: 75, False, 2769.369873046875
Epochs: 78, Loss: 195073840.0, lr: 0.004, time: 75, False, 2741.782470703125
Epochs: 79, Loss: 191743920.0, lr: 0.004, time: 75, False, 2714.357421875
Epochs: 80, Loss: 188536544.0, lr: 0.004, time: 75, False, 2687.41748046875
Epochs: 81, Loss: 185463152.0, lr: 0.004, time: 75, False, 2660.96826171875
Epochs: 82, Loss: 182451712.0, lr: 0.004, time: 75, False, 2634.599609375
Epochs: 83, Loss: 179577600.0, lr: 0.004, time: 75, False, 2608.9189453125
Epochs: 84, Loss: 176817408.0, lr: 0.004, time: 75, False, 2583.89794921875
Epochs: 85, Loss: 174196576.0, lr: 0.004, time: 75, False, 2559.524658203125
Epochs: 86, Loss: 171726880.0, lr: 0.004, time: 75, False, 2535.996826171875
Epochs: 87, Loss: 169421280.0, lr: 0.004, time: 75, False, 2513.3818359375
Epochs: 88, Loss: 167241584.0, lr: 0.004, time: 75, False, 2491.43798828125
Epochs: 89, Loss: 165295680.0, lr: 0.004, time: 75, False, 2470.566650390625
Epochs: 90, Loss: 163941264.0, lr: 0.004, time: 75, False, 2452.336181640625
Epochs: 91, Loss: 159551152.0, lr: 0.004, time: 75, False, 2422.70166015625
Epochs: 92, Loss: 157441776.0, lr: 0.004, time: 75, False, 2402.10205078125
Epochs: 93, Loss: 155546912.0, lr: 0.004, time: 75, False, 2383.217041015625
Epochs: 94, Loss: 153610432.0, lr: 0.004, time: 75, False, 2363.762451171875
Epochs: 95, Loss: 151772304.0, lr: 0.004, time: 75, False, 2345.28173828125
Epochs: 96, Loss: 149917984.0, lr: 0.004, time: 75, False, 2326.385986328125
Epochs: 97, Loss: 148118128.0, lr: 0.004, time: 75, False, 2307.986572265625
Epochs: 98, Loss: 146368368.0, lr: 0.004, time: 75, False, 2290.067626953125
Epochs: 99, Loss: 144687168.0, lr: 0.004, time: 75, False, 2272.823974609375
Epochs: 100, Loss: 143029472.0, lr: 0.004, time: 75, False, 2256.05810546875
Epochs: 101, Loss: 141401664.0, lr: 0.004, time: 75, False, 2239.72802734375
Epochs: 102, Loss: 139828960.0, lr: 0.004, time: 75, False, 2224.114501953125
Epochs: 103, Loss: 138267632.0, lr: 0.004, time: 75, False, 2208.989013671875
Epochs: 104, Loss: 136747712.0, lr: 0.004, time: 75, False, 2194.421142578125
Epochs: 105, Loss: 135232752.0, lr: 0.004, time: 75, False, 2180.44873046875
Epochs: 106, Loss: 133764096.0, lr: 0.004, time: 75, False, 2167.220458984375
Epochs: 107, Loss: 132341624.0, lr: 0.004, time: 75, False, 2154.780029296875
Epochs: 108, Loss: 130905312.0, lr: 0.004, time: 75, False, 2142.796142578125
Epochs: 109, Loss: 129499312.0, lr: 0.004, time: 75, False, 2131.45703125
Epochs: 110, Loss: 128187328.0, lr: 0.004, time: 75, False, 2121.00634765625
Epochs: 111, Loss: 126850432.0, lr: 0.004, time: 75, False, 2110.84521484375
Epochs: 112, Loss: 125530016.0, lr: 0.004, time: 75, False, 2101.122802734375
Epochs: 113, Loss: 124229856.0, lr: 0.004, time: 75, False, 2091.83740234375
Epochs: 114, Loss: 122995416.0, lr: 0.004, time: 75, False, 2083.165283203125
Epochs: 115, Loss: 121742128.0, lr: 0.004, time: 75, False, 2074.671630859375
Epochs: 116, Loss: 120522704.0, lr: 0.004, time: 75, False, 2066.5908203125
Epochs: 117, Loss: 119350144.0, lr: 0.004, time: 75, False, 2058.822998046875
Epochs: 118, Loss: 118216512.0, lr: 0.004, time: 75, False, 2051.337890625
Epochs: 119, Loss: 117137864.0, lr: 0.004, time: 75, False, 2044.2054443359375
Epochs: 120, Loss: 116102040.0, lr: 0.004, time: 75, False, 2037.243408203125
Epochs: 121, Loss: 115129384.0, lr: 0.004, time: 75, False, 2030.4085693359375
Epochs: 122, Loss: 114307272.0, lr: 0.004, time: 75, False, 2024.20849609375
Epochs: 123, Loss: 113688104.0, lr: 0.004, time: 75, False, 2018.637939453125
Epochs: 124, Loss: 113329992.0, lr: 0.004, time: 75, False, 2013.7713623046875
Epochs: 125, Loss: 113104448.0, lr: 0.004, time: 75, False, 2009.2650146484375
Epochs: 126, Loss: 112191160.0, lr: 0.004, time: 75, False, 2002.9759521484375
Epochs: 127, Loss: 110439800.0, lr: 0.004, time: 75, False, 1994.5767822265625
Epochs: 128, Loss: 108712536.0, lr: 0.004, time: 75, False, 1986.2646484375
Epochs: 129, Loss: 107218696.0, lr: 0.004, time: 75, False, 1978.27587890625
Epochs: 130, Loss: 105934944.0, lr: 0.004, time: 75, False, 1970.6124267578125
Epochs: 131, Loss: 104786264.0, lr: 0.004, time: 75, False, 1963.1080322265625
Epochs: 132, Loss: 103699536.0, lr: 0.004, time: 75, False, 1955.39306640625
Epochs: 133, Loss: 102694312.0, lr: 0.004, time: 75, False, 1947.7998046875
Epochs: 134, Loss: 101740888.0, lr: 0.004, time: 75, False, 1940.2152099609375
Epochs: 135, Loss: 100854840.0, lr: 0.004, time: 75, False, 1932.802734375
Epochs: 136, Loss: 100023456.0, lr: 0.004, time: 75, False, 1925.4564208984375
Epochs: 137, Loss: 99260584.0, lr: 0.004, time: 75, False, 1918.482177734375
Epochs: 138, Loss: 98554544.0, lr: 0.004, time: 75, False, 1911.899658203125
Epochs: 139, Loss: 97850104.0, lr: 0.004, time: 75, False, 1905.404052734375
Epochs: 140, Loss: 97122624.0, lr: 0.004, time: 75, False, 1899.0865478515625
Epochs: 141, Loss: 96342376.0, lr: 0.004, time: 75, False, 1892.921875
Epochs: 142, Loss: 95490584.0, lr: 0.004, time: 75, False, 1886.8331298828125
Epochs: 143, Loss: 94604736.0, lr: 0.004, time: 75, False, 1880.8551025390625
Epochs: 144, Loss: 93695576.0, lr: 0.004, time: 75, False, 1874.7486572265625
Epochs: 145, Loss: 92849056.0, lr: 0.004, time: 75, False, 1869.125
Epochs: 146, Loss: 92013696.0, lr: 0.004, time: 75, False, 1863.2802734375
Epochs: 147, Loss: 91228936.0, lr: 0.004, time: 75, False, 1857.51806640625
Epochs: 148, Loss: 90508240.0, lr: 0.004, time: 75, False, 1852.0487060546875
Epochs: 149, Loss: 89899664.0, lr: 0.004, time: 75, False, 1847.0955810546875
Epochs: 150, Loss: 89233304.0, lr: 0.004, time: 75, False, 1841.6011962890625
Epochs: 151, Loss: 87714552.0, lr: 0.004, time: 75, False, 1832.2330322265625
Epochs: 152, Loss: 87085672.0, lr: 0.004, time: 75, False, 1826.73583984375
Epochs: 153, Loss: 86471264.0, lr: 0.004, time: 75, False, 1821.19921875
Epochs: 154, Loss: 85946792.0, lr: 0.004, time: 75, False, 1816.3125
Epochs: 155, Loss: 85375280.0, lr: 0.004, time: 75, False, 1811.0670166015625
Epochs: 156, Loss: 84819320.0, lr: 0.004, time: 75, False, 1806.02783203125
Epochs: 157, Loss: 84296512.0, lr: 0.004, time: 75, False, 1801.3505859375
Epochs: 158, Loss: 83704576.0, lr: 0.004, time: 75, False, 1796.31689453125
Epochs: 159, Loss: 83195880.0, lr: 0.004, time: 75, False, 1792.042724609375
Epochs: 160, Loss: 82746336.0, lr: 0.004, time: 75, False, 1788.2440185546875
Epochs: 161, Loss: 82289944.0, lr: 0.004, time: 75, False, 1784.4190673828125
Epochs: 162, Loss: 81823408.0, lr: 0.004, time: 75, False, 1780.529052734375
Epochs: 163, Loss: 81366448.0, lr: 0.004, time: 75, False, 1776.585693359375
Epochs: 164, Loss: 80933688.0, lr: 0.004, time: 75, False, 1772.763427734375
Epochs: 165, Loss: 80506584.0, lr: 0.004, time: 75, False, 1768.87841796875
Epochs: 166, Loss: 80086048.0, lr: 0.004, time: 75, False, 1764.930419921875
Epochs: 167, Loss: 79662848.0, lr: 0.004, time: 75, False, 1760.8443603515625
Epochs: 168, Loss: 79250496.0, lr: 0.004, time: 75, False, 1756.833740234375
Epochs: 169, Loss: 78843368.0, lr: 0.004, time: 75, False, 1752.8031005859375
Epochs: 170, Loss: 78428888.0, lr: 0.004, time: 75, False, 1748.738037109375
Epochs: 171, Loss: 78066008.0, lr: 0.004, time: 75, False, 1745.1688232421875
Epochs: 172, Loss: 77683136.0, lr: 0.004, time: 75, False, 1741.4571533203125
Epochs: 173, Loss: 77311016.0, lr: 0.004, time: 75, False, 1737.9447021484375
Epochs: 174, Loss: 76940920.0, lr: 0.004, time: 75, False, 1734.4774169921875
Epochs: 175, Loss: 76578896.0, lr: 0.004, time: 75, False, 1731.1328125
Epochs: 176, Loss: 76229272.0, lr: 0.004, time: 75, False, 1727.8968505859375
Epochs: 177, Loss: 75875368.0, lr: 0.004, time: 75, False, 1724.57177734375
Epochs: 178, Loss: 75539088.0, lr: 0.004, time: 75, False, 1721.3658447265625
Epochs: 179, Loss: 75195256.0, lr: 0.004, time: 75, False, 1717.96435546875
Epochs: 180, Loss: 74854472.0, lr: 0.004, time: 75, False, 1714.4869384765625
Epochs: 181, Loss: 74515632.0, lr: 0.004, time: 75, False, 1710.930908203125
Epochs: 182, Loss: 74182536.0, lr: 0.004, time: 75, False, 1707.3502197265625
Epochs: 183, Loss: 74018784.0, lr: 0.004, time: 75, False, 1704.80126953125
Epochs: 184, Loss: 73698768.0, lr: 0.004, time: 75, False, 1701.23046875
Epochs: 185, Loss: 73335576.0, lr: 0.004, time: 75, False, 1697.2640380859375
Epochs: 186, Loss: 73013304.0, lr: 0.004, time: 75, False, 1693.677734375
Epochs: 187, Loss: 72701992.0, lr: 0.004, time: 75, False, 1690.2296142578125
Epochs: 188, Loss: 72389960.0, lr: 0.004, time: 75, False, 1686.841796875
Epochs: 189, Loss: 72073696.0, lr: 0.004, time: 75, False, 1683.43701171875
Epochs: 190, Loss: 71760016.0, lr: 0.004, time: 75, False, 1680.0977783203125
Epochs: 191, Loss: 71453624.0, lr: 0.004, time: 75, False, 1676.8758544921875
Epochs: 192, Loss: 71144600.0, lr: 0.004, time: 75, False, 1673.606201171875
Epochs: 193, Loss: 70992696.0, lr: 0.004, time: 75, False, 1671.3802490234375
Epochs: 194, Loss: 70693336.0, lr: 0.004, time: 75, False, 1668.171875
Epochs: 195, Loss: 70436160.0, lr: 0.004, time: 75, False, 1665.2249755859375
Epochs: 196, Loss: 70132232.0, lr: 0.004, time: 75, False, 1661.8673095703125
Epochs: 197, Loss: 69804096.0, lr: 0.004, time: 75, False, 1658.27685546875
Epochs: 198, Loss: 69523424.0, lr: 0.004, time: 75, False, 1655.0635986328125
Epochs: 199, Loss: 69257760.0, lr: 0.004, time: 75, False, 1651.964599609375
Epochs: 200, Loss: 68960776.0, lr: 0.004, time: 75, False, 1648.58349609375
Epochs: 201, Loss: 68666392.0, lr: 0.004, time: 75, False, 1645.238037109375
########## Saving Trace ##########
Traceback (most recent call last):
  File "tv_value_synthesis_trajopt_cartpole.py", line 221, in <module>
    loss.backward()
  File "/home/daniel/.local/share/virtualenvs/Mujoco_Python_Sandbox-gNKKWzd6/lib/python3.7/site-packages/torch/_tensor.py", line 488, in backward
    self, gradient, retain_graph, create_graph, inputs=inputs
  File "/home/daniel/.local/share/virtualenvs/Mujoco_Python_Sandbox-gNKKWzd6/lib/python3.7/site-packages/torch/autograd/__init__.py", line 199, in backward
    allow_unreachable=True, accumulate_grad=True)  # Calls into the C++ engine to run the backward pass
KeyboardInterrupt
During handling of the above exception, another exception occurred:
Traceback (most recent call last):
  File "tv_value_synthesis_trajopt_cartpole.py", line 262, in <module>
    model_scripted = torch.jit.script(dyn_system.value_func.to('cpu'))  # Export to TorchScript
  File "/home/daniel/.local/share/virtualenvs/Mujoco_Python_Sandbox-gNKKWzd6/lib/python3.7/site-packages/torch/jit/_script.py", line 1287, in script
    obj, torch.jit._recursive.infer_methods_to_compile
  File "/home/daniel/.local/share/virtualenvs/Mujoco_Python_Sandbox-gNKKWzd6/lib/python3.7/site-packages/torch/jit/_recursive.py", line 476, in create_script_module
    return create_script_module_impl(nn_module, concrete_type, stubs_fn)
  File "/home/daniel/.local/share/virtualenvs/Mujoco_Python_Sandbox-gNKKWzd6/lib/python3.7/site-packages/torch/jit/_recursive.py", line 542, in create_script_module_impl
    create_methods_and_properties_from_stubs(concrete_type, method_stubs, property_stubs)
  File "/home/daniel/.local/share/virtualenvs/Mujoco_Python_Sandbox-gNKKWzd6/lib/python3.7/site-packages/torch/jit/_recursive.py", line 393, in create_methods_and_properties_from_stubs
    concrete_type._create_methods_and_properties(property_defs, property_rcbs, method_defs, method_rcbs, method_defaults)
RuntimeError:
attribute lookup is not defined on python value of type 'SimulationParams':
  File "tv_value_synthesis_trajopt_cartpole.py", line 74
    def forward(self, t, x):
        time = torch.ones((sim_params.nsim, 1, 1)).to(device) * t
                           ~~~~~~~~~~~~~~~ <--- HERE
        aug_x = torch.cat((x, time), dim=2)
        return self.nn(aug_x)