
Creating window glfw
Epochs: 1, Loss: 1165668096.0, lr: 0.01, time: 77
Epochs: 2, Loss: 1147094528.0, lr: 0.01, time: 77
Epochs: 3, Loss: 1123649280.0, lr: 0.01, time: 77
Epochs: 4, Loss: 1095776384.0, lr: 0.01, time: 77
Epochs: 5, Loss: 1065015872.0, lr: 0.01, time: 77
Epochs: 6, Loss: 1031715648.0, lr: 0.01, time: 77
Epochs: 7, Loss: 999605184.0, lr: 0.01, time: 77
Epochs: 8, Loss: 969563136.0, lr: 0.01, time: 77
Epochs: 9, Loss: 947629312.0, lr: 0.01, time: 77
Epochs: 10, Loss: 925348352.0, lr: 0.01, time: 77
Epochs: 11, Loss: 930785472.0, lr: 0.01, time: 77
Epochs: 12, Loss: 931228224.0, lr: 0.01, time: 77
Epochs: 13, Loss: 951753664.0, lr: 0.01, time: 77
Epochs: 14, Loss: 958777664.0, lr: 0.01, time: 77
Epochs: 15, Loss: 1003213440.0, lr: 0.01, time: 77
Epochs: 16, Loss: 994957440.0, lr: 0.01, time: 77
Epochs: 17, Loss: 1016061248.0, lr: 0.01, time: 77
Epochs: 18, Loss: 1038869248.0, lr: 0.01, time: 77
Epochs: 19, Loss: 1044350208.0, lr: 0.01, time: 77
Epochs: 20, Loss: 1055901504.0, lr: 0.01, time: 77
Epochs: 21, Loss: 1055194048.0, lr: 0.01, time: 77
Epochs: 22, Loss: 1051797184.0, lr: 0.01, time: 77
Epochs: 23, Loss: 1051228800.0, lr: 0.01, time: 77
Epochs: 24, Loss: 1037442560.0, lr: 0.01, time: 77
Epochs: 25, Loss: 1031926592.0, lr: 0.01, time: 77
Epochs: 26, Loss: 1036368064.0, lr: 0.01, time: 77
Epochs: 27, Loss: 1032751424.0, lr: 0.01, time: 77
Epochs: 28, Loss: 1034928064.0, lr: 0.01, time: 77
Epochs: 29, Loss: 1032240512.0, lr: 0.01, time: 77
Epochs: 30, Loss: 1029811136.0, lr: 0.01, time: 77
Epochs: 31, Loss: 1026699584.0, lr: 0.01, time: 77
Epochs: 32, Loss: 1025764928.0, lr: 0.01, time: 77
Epochs: 33, Loss: 1025812160.0, lr: 0.01, time: 77
Epochs: 34, Loss: 1026247296.0, lr: 0.01, time: 77
Epochs: 35, Loss: 1028001664.0, lr: 0.01, time: 77
Epochs: 36, Loss: 1028617664.0, lr: 0.01, time: 77
Epochs: 37, Loss: 1030958720.0, lr: 0.01, time: 77
Epochs: 38, Loss: 1027170752.0, lr: 0.01, time: 77
Epochs: 39, Loss: 1025172352.0, lr: 0.01, time: 77
Epochs: 40, Loss: 1026343232.0, lr: 0.01, time: 77
Epochs: 41, Loss: 1029525952.0, lr: 0.01, time: 77
Epochs: 42, Loss: 1028001984.0, lr: 0.01, time: 77
Epochs: 43, Loss: 1027528384.0, lr: 0.01, time: 77
Epochs: 44, Loss: 1027680512.0, lr: 0.01, time: 77
Epochs: 45, Loss: 1027613696.0, lr: 0.01, time: 77
Epochs: 46, Loss: 1027171200.0, lr: 0.01, time: 77
Epochs: 47, Loss: 1026371456.0, lr: 0.01, time: 77
Epochs: 48, Loss: 1025642432.0, lr: 0.01, time: 77
Epochs: 49, Loss: 1023329152.0, lr: 0.01, time: 77
Epochs: 50, Loss: 1016677312.0, lr: 0.01, time: 77
Epochs: 51, Loss: 1015896064.0, lr: 0.01, time: 77
Epochs: 52, Loss: 1013164160.0, lr: 0.01, time: 77
Epochs: 53, Loss: 1005686656.0, lr: 0.01, time: 77
Epochs: 54, Loss: 1001407872.0, lr: 0.01, time: 77
Epochs: 55, Loss: 1001988864.0, lr: 0.01, time: 77
Epochs: 56, Loss: 998537344.0, lr: 0.01, time: 77
Epochs: 57, Loss: 996796352.0, lr: 0.01, time: 77
Epochs: 58, Loss: 995620544.0, lr: 0.01, time: 77
Epochs: 59, Loss: 994956416.0, lr: 0.01, time: 77
Epochs: 60, Loss: 993991168.0, lr: 0.01, time: 77
Epochs: 61, Loss: 993877184.0, lr: 0.01, time: 77
Epochs: 62, Loss: 993129600.0, lr: 0.01, time: 77
Epochs: 63, Loss: 990808896.0, lr: 0.01, time: 77
Epochs: 64, Loss: 988070336.0, lr: 0.01, time: 77
Epochs: 65, Loss: 986539776.0, lr: 0.01, time: 77
Epochs: 66, Loss: 985728064.0, lr: 0.01, time: 77
Epochs: 67, Loss: 985018304.0, lr: 0.01, time: 77
Epochs: 68, Loss: 984232384.0, lr: 0.01, time: 77
Epochs: 69, Loss: 983155136.0, lr: 0.01, time: 77
Epochs: 70, Loss: 982359168.0, lr: 0.01, time: 77
Epochs: 71, Loss: 981643072.0, lr: 0.01, time: 77
Epochs: 72, Loss: 981516096.0, lr: 0.01, time: 77
Epochs: 73, Loss: 981391936.0, lr: 0.01, time: 77
Epochs: 74, Loss: 980301568.0, lr: 0.01, time: 77
Epochs: 75, Loss: 972817792.0, lr: 0.01, time: 77
Traceback (most recent call last):
  File "tv_value_synthesis_trajopt_cartpole.py", line 224, in <module>
    sim_params.ntime = optimal_time(sim_params.ntime, max_time, dt, loss_function, x_init, dyn_system, loss)
  File "/home/daniel/Repos/Mujoco_Python_Sandbox/value_gradient/time_search.py", line 33, in optimal_time
    return bisection_search(func_wrap, criteria, init_time, max_time)
  File "/home/daniel/Repos/Mujoco_Python_Sandbox/value_gradient/time_search.py", line 14, in bisection_search
    if criteria(func(mid)):
  File "/home/daniel/Repos/Mujoco_Python_Sandbox/value_gradient/time_search.py", line 26, in func_wrap
    y, dydt = odeint(func, x_init, time, method='euler', options=dict(step_size=dt))
  File "/home/daniel/.local/share/virtualenvs/Mujoco_Python_Sandbox-gNKKWzd6/lib/python3.7/site-packages/torchdiffeq_ctrl/_impl/adjoint.py", line 209, in odeint_adjoint
    adjoint_method, adjoint_options, t.requires_grad, *adjoint_params)
  File "/home/daniel/.local/share/virtualenvs/Mujoco_Python_Sandbox-gNKKWzd6/lib/python3.7/site-packages/torchdiffeq_ctrl/_impl/adjoint.py", line 23, in forward
    ans, ans_dt = odeint(func, y0, t, rtol=rtol, atol=atol, method=method, options=options)
  File "/home/daniel/.local/share/virtualenvs/Mujoco_Python_Sandbox-gNKKWzd6/lib/python3.7/site-packages/torchdiffeq_ctrl/_impl/odeint.py", line 57, in odeint
    solution, solution_dt = solver.integrate(t)
  File "/home/daniel/.local/share/virtualenvs/Mujoco_Python_Sandbox-gNKKWzd6/lib/python3.7/site-packages/torchdiffeq_ctrl/_impl/solvers.py", line 72, in integrate
    dy, f0 = self._step_func(self.func, t0, dt, t1, y0)
  File "/home/daniel/.local/share/virtualenvs/Mujoco_Python_Sandbox-gNKKWzd6/lib/python3.7/site-packages/torchdiffeq_ctrl/_impl/fixed_grid.py", line 9, in _step_func
    f0 = func(t0, y0, perturb=Perturb.NEXT if self.perturb else Perturb.NONE)
  File "/home/daniel/.local/share/virtualenvs/Mujoco_Python_Sandbox-gNKKWzd6/lib/python3.7/site-packages/torch/nn/modules/module.py", line 1190, in _call_impl
    return forward_call(*input, **kwargs)
  File "/home/daniel/.local/share/virtualenvs/Mujoco_Python_Sandbox-gNKKWzd6/lib/python3.7/site-packages/torchdiffeq_ctrl/_impl/misc.py", line 193, in forward
    return self.base_func(t, y)
  File "/home/daniel/.local/share/virtualenvs/Mujoco_Python_Sandbox-gNKKWzd6/lib/python3.7/site-packages/torch/nn/modules/module.py", line 1190, in _call_impl
    return forward_call(*input, **kwargs)
  File "/home/daniel/.local/share/virtualenvs/Mujoco_Python_Sandbox-gNKKWzd6/lib/python3.7/site-packages/torchdiffeq_ctrl/_impl/misc.py", line 193, in forward
    return self.base_func(t, y)
  File "/home/daniel/.local/share/virtualenvs/Mujoco_Python_Sandbox-gNKKWzd6/lib/python3.7/site-packages/torch/nn/modules/module.py", line 1208, in _call_impl
    result = forward_call(*input, **kwargs)
  File "/home/daniel/Repos/Mujoco_Python_Sandbox/value_gradient/neural_value_synthesis_diffeq.py", line 165, in forward
    u = self._ctrl(t, x)
  File "/home/daniel/Repos/Mujoco_Python_Sandbox/value_gradient/neural_value_synthesis_diffeq.py", line 122, in hjb
    Vx = dvdx(t, x_enc, self.value_func)
KeyboardInterrupt
During handling of the above exception, another exception occurred:
Traceback (most recent call last):
  File "tv_value_synthesis_trajopt_cartpole.py", line 262, in <module>
    model_scripted = torch.jit.script(dyn_system.value_func.to('cpu'))  # Export to TorchScript
  File "/home/daniel/.local/share/virtualenvs/Mujoco_Python_Sandbox-gNKKWzd6/lib/python3.7/site-packages/torch/jit/_script.py", line 1287, in script
    obj, torch.jit._recursive.infer_methods_to_compile
  File "/home/daniel/.local/share/virtualenvs/Mujoco_Python_Sandbox-gNKKWzd6/lib/python3.7/site-packages/torch/jit/_recursive.py", line 476, in create_script_module
    return create_script_module_impl(nn_module, concrete_type, stubs_fn)
  File "/home/daniel/.local/share/virtualenvs/Mujoco_Python_Sandbox-gNKKWzd6/lib/python3.7/site-packages/torch/jit/_recursive.py", line 542, in create_script_module_impl
    create_methods_and_properties_from_stubs(concrete_type, method_stubs, property_stubs)
  File "/home/daniel/.local/share/virtualenvs/Mujoco_Python_Sandbox-gNKKWzd6/lib/python3.7/site-packages/torch/jit/_recursive.py", line 393, in create_methods_and_properties_from_stubs
    concrete_type._create_methods_and_properties(property_defs, property_rcbs, method_defs, method_rcbs, method_defaults)
RuntimeError:
attribute lookup is not defined on python value of type 'SimulationParams':
  File "tv_value_synthesis_trajopt_cartpole.py", line 75
    def forward(self, t, x):
        time = torch.ones((sim_params.nsim, 1, 1)).to(device) * t
                           ~~~~~~~~~~~~~~~ <--- HERE
        aug_x = torch.cat((x, time), dim=2)
        return self.nn(aug_x)
########## Saving Trace ##########