
Creating window glfw
Epochs: 1, Loss: 1143654016.0, lr: 0.004, time: 68
Epochs: 2, Loss: 1013557312.0, lr: 0.004, time: 68
Epochs: 3, Loss: 1001444544.0, lr: 0.004, time: 68
Epochs: 4, Loss: 989421824.0, lr: 0.004, time: 68
Epochs: 5, Loss: 977536256.0, lr: 0.004, time: 68
Epochs: 6, Loss: 965123648.0, lr: 0.004, time: 68
Epochs: 7, Loss: 952775872.0, lr: 0.004, time: 68
Epochs: 8, Loss: 940398528.0, lr: 0.004, time: 68
Epochs: 9, Loss: 927664832.0, lr: 0.004, time: 68
Epochs: 10, Loss: 914795776.0, lr: 0.004, time: 68
Epochs: 11, Loss: 901763520.0, lr: 0.004, time: 68
Epochs: 12, Loss: 887801792.0, lr: 0.004, time: 68
Epochs: 13, Loss: 873588224.0, lr: 0.004, time: 68
Epochs: 14, Loss: 859088384.0, lr: 0.004, time: 68
Epochs: 15, Loss: 843900352.0, lr: 0.004, time: 68
Epochs: 16, Loss: 828288640.0, lr: 0.004, time: 68
Epochs: 17, Loss: 812283072.0, lr: 0.004, time: 68
Epochs: 18, Loss: 795549632.0, lr: 0.004, time: 68
Epochs: 19, Loss: 778435520.0, lr: 0.004, time: 68
Epochs: 20, Loss: 760603264.0, lr: 0.004, time: 69
Epochs: 21, Loss: 741643776.0, lr: 0.004, time: 69
Epochs: 22, Loss: 722491520.0, lr: 0.004, time: 69
Epochs: 23, Loss: 703344896.0, lr: 0.004, time: 70
Epochs: 24, Loss: 682328960.0, lr: 0.004, time: 70
Epochs: 25, Loss: 661759616.0, lr: 0.004, time: 72
Epochs: 26, Loss: 639996160.0, lr: 0.004, time: 72
Epochs: 27, Loss: 617692608.0, lr: 0.004, time: 72
Epochs: 28, Loss: 596994944.0, lr: 0.004, time: 74
Epochs: 29, Loss: 575301760.0, lr: 0.004, time: 74
Epochs: 30, Loss: 552493376.0, lr: 0.004, time: 74
Epochs: 31, Loss: 530733408.0, lr: 0.004, time: 75
Epochs: 32, Loss: 507663488.0, lr: 0.004, time: 76
Epochs: 33, Loss: 485164960.0, lr: 0.004, time: 77
Epochs: 34, Loss: 462678560.0, lr: 0.004, time: 78
Epochs: 35, Loss: 442379968.0, lr: 0.004, time: 79
Epochs: 36, Loss: 423329152.0, lr: 0.004, time: 80
Epochs: 37, Loss: 406379072.0, lr: 0.004, time: 81
Epochs: 38, Loss: 391447264.0, lr: 0.004, time: 81
Epochs: 39, Loss: 379689056.0, lr: 0.004, time: 82
Epochs: 40, Loss: 368643680.0, lr: 0.004, time: 82
Epochs: 41, Loss: 360461920.0, lr: 0.004, time: 82
Epochs: 42, Loss: 345991936.0, lr: 0.004, time: 82
Epochs: 43, Loss: 335786656.0, lr: 0.004, time: 82
Epochs: 44, Loss: 326652064.0, lr: 0.004, time: 83
Epochs: 45, Loss: 318689728.0, lr: 0.004, time: 83
Epochs: 46, Loss: 311589824.0, lr: 0.004, time: 83
Epochs: 47, Loss: 304879744.0, lr: 0.004, time: 83
Epochs: 48, Loss: 298807264.0, lr: 0.004, time: 83
Epochs: 49, Loss: 293061600.0, lr: 0.004, time: 83
Epochs: 50, Loss: 287624576.0, lr: 0.004, time: 83
Epochs: 51, Loss: 282611040.0, lr: 0.004, time: 83
Epochs: 52, Loss: 277685696.0, lr: 0.004, time: 83
Epochs: 53, Loss: 272934240.0, lr: 0.004, time: 83
Epochs: 54, Loss: 268291760.0, lr: 0.004, time: 83
Epochs: 55, Loss: 263754864.0, lr: 0.004, time: 83
Epochs: 56, Loss: 259271744.0, lr: 0.004, time: 83
Epochs: 57, Loss: 254873136.0, lr: 0.004, time: 83
Epochs: 58, Loss: 250400800.0, lr: 0.004, time: 83
Epochs: 59, Loss: 245982352.0, lr: 0.004, time: 83
Epochs: 60, Loss: 241531936.0, lr: 0.004, time: 83
Epochs: 61, Loss: 237123536.0, lr: 0.004, time: 83
########## Saving Trace ##########
Traceback (most recent call last):
  File "tv_value_synthesis_trajopt_cartpole.py", line 224, in <module>
    sim_params.ntime = optimal_time(sim_params.ntime, max_time, dt, loss_function, x_init, dyn_system, loss)
  File "/home/daniel/Repos/Mujoco_Python_Sandbox/value_gradient/time_search.py", line 33, in optimal_time
    return bisection_search(func_wrap, criteria, init_time, max_time)
  File "/home/daniel/Repos/Mujoco_Python_Sandbox/value_gradient/time_search.py", line 14, in bisection_search
    if criteria(func(mid)):
  File "/home/daniel/Repos/Mujoco_Python_Sandbox/value_gradient/time_search.py", line 26, in func_wrap
    y, dydt = odeint(func, x_init, time, method='euler', options=dict(step_size=dt))
  File "/home/daniel/.local/share/virtualenvs/Mujoco_Python_Sandbox-gNKKWzd6/lib/python3.7/site-packages/torchdiffeq_ctrl/_impl/adjoint.py", line 209, in odeint_adjoint
    adjoint_method, adjoint_options, t.requires_grad, *adjoint_params)
  File "/home/daniel/.local/share/virtualenvs/Mujoco_Python_Sandbox-gNKKWzd6/lib/python3.7/site-packages/torchdiffeq_ctrl/_impl/adjoint.py", line 23, in forward
    ans, ans_dt = odeint(func, y0, t, rtol=rtol, atol=atol, method=method, options=options)
  File "/home/daniel/.local/share/virtualenvs/Mujoco_Python_Sandbox-gNKKWzd6/lib/python3.7/site-packages/torchdiffeq_ctrl/_impl/odeint.py", line 57, in odeint
    solution, solution_dt = solver.integrate(t)
  File "/home/daniel/.local/share/virtualenvs/Mujoco_Python_Sandbox-gNKKWzd6/lib/python3.7/site-packages/torchdiffeq_ctrl/_impl/solvers.py", line 72, in integrate
    dy, f0 = self._step_func(self.func, t0, dt, t1, y0)
  File "/home/daniel/.local/share/virtualenvs/Mujoco_Python_Sandbox-gNKKWzd6/lib/python3.7/site-packages/torchdiffeq_ctrl/_impl/fixed_grid.py", line 9, in _step_func
    f0 = func(t0, y0, perturb=Perturb.NEXT if self.perturb else Perturb.NONE)
  File "/home/daniel/.local/share/virtualenvs/Mujoco_Python_Sandbox-gNKKWzd6/lib/python3.7/site-packages/torch/nn/modules/module.py", line 1190, in _call_impl
    return forward_call(*input, **kwargs)
  File "/home/daniel/.local/share/virtualenvs/Mujoco_Python_Sandbox-gNKKWzd6/lib/python3.7/site-packages/torchdiffeq_ctrl/_impl/misc.py", line 193, in forward
    return self.base_func(t, y)
  File "/home/daniel/.local/share/virtualenvs/Mujoco_Python_Sandbox-gNKKWzd6/lib/python3.7/site-packages/torch/nn/modules/module.py", line 1190, in _call_impl
    return forward_call(*input, **kwargs)
  File "/home/daniel/.local/share/virtualenvs/Mujoco_Python_Sandbox-gNKKWzd6/lib/python3.7/site-packages/torchdiffeq_ctrl/_impl/misc.py", line 193, in forward
    return self.base_func(t, y)
  File "/home/daniel/.local/share/virtualenvs/Mujoco_Python_Sandbox-gNKKWzd6/lib/python3.7/site-packages/torch/nn/modules/module.py", line 1208, in _call_impl
    result = forward_call(*input, **kwargs)
  File "/home/daniel/Repos/Mujoco_Python_Sandbox/value_gradient/neural_value_synthesis_diffeq.py", line 165, in forward
    u = self._ctrl(t, x)
  File "/home/daniel/Repos/Mujoco_Python_Sandbox/value_gradient/neural_value_synthesis_diffeq.py", line 123, in hjb
    return self._policy(q, v, x, Vx)
  File "/home/daniel/Repos/Mujoco_Python_Sandbox/value_gradient/neural_value_synthesis_diffeq.py", line 90, in underactuated_inv_policy
    return torch.inverse(Ba @ M @ Ba.mT) @ (Ba @ Tbias.mT - 0.5 * self._scale * Vqd @ Ba.mT - Ba @ M @ Fm.mT)
KeyboardInterrupt
During handling of the above exception, another exception occurred:
Traceback (most recent call last):
  File "tv_value_synthesis_trajopt_cartpole.py", line 262, in <module>
    model_scripted = torch.jit.script(dyn_system.value_func.to('cpu'))  # Export to TorchScript
  File "/home/daniel/.local/share/virtualenvs/Mujoco_Python_Sandbox-gNKKWzd6/lib/python3.7/site-packages/torch/jit/_script.py", line 1287, in script
    obj, torch.jit._recursive.infer_methods_to_compile
  File "/home/daniel/.local/share/virtualenvs/Mujoco_Python_Sandbox-gNKKWzd6/lib/python3.7/site-packages/torch/jit/_recursive.py", line 476, in create_script_module
    return create_script_module_impl(nn_module, concrete_type, stubs_fn)
  File "/home/daniel/.local/share/virtualenvs/Mujoco_Python_Sandbox-gNKKWzd6/lib/python3.7/site-packages/torch/jit/_recursive.py", line 542, in create_script_module_impl
    create_methods_and_properties_from_stubs(concrete_type, method_stubs, property_stubs)
  File "/home/daniel/.local/share/virtualenvs/Mujoco_Python_Sandbox-gNKKWzd6/lib/python3.7/site-packages/torch/jit/_recursive.py", line 393, in create_methods_and_properties_from_stubs
    concrete_type._create_methods_and_properties(property_defs, property_rcbs, method_defs, method_rcbs, method_defaults)
RuntimeError:
attribute lookup is not defined on python value of type 'SimulationParams':
  File "tv_value_synthesis_trajopt_cartpole.py", line 75
    def forward(self, t, x):
        time = torch.ones((sim_params.nsim, 1, 1)).to(device) * t
                           ~~~~~~~~~~~~~~~ <--- HERE
        aug_x = torch.cat((x, time), dim=2)
        return self.nn(aug_x)