
Creating window glfw
Epochs: 0, Loss: 3469964544.0, lr: 0.004
Epochs: 1, Loss: 3384763136.0, lr: 0.004
Epochs: 2, Loss: 3279986176.0, lr: 0.004
Epochs: 3, Loss: 3195401216.0, lr: 0.004
Epochs: 4, Loss: 3132254464.0, lr: 0.004
Epochs: 5, Loss: 3069518336.0, lr: 0.004
Epochs: 6, Loss: 3008329728.0, lr: 0.004
Epochs: 7, Loss: 2955720704.0, lr: 0.004
Epochs: 8, Loss: 2911491584.0, lr: 0.004
Epochs: 9, Loss: 2870941184.0, lr: 0.004
Epochs: 10, Loss: 2831805184.0, lr: 0.004
Epochs: 11, Loss: 2795395328.0, lr: 0.004
Epochs: 12, Loss: 2763346688.0, lr: 0.004
Epochs: 13, Loss: 2735391488.0, lr: 0.004
Epochs: 14, Loss: 2709897216.0, lr: 0.004
Epochs: 15, Loss: 2685750784.0, lr: 0.004
Epochs: 16, Loss: 2663190528.0, lr: 0.004
Epochs: 17, Loss: 2642959104.0, lr: 0.004
Epochs: 18, Loss: 2625173248.0, lr: 0.004
Epochs: 19, Loss: 2609191424.0, lr: 0.004
Epochs: 20, Loss: 2594377728.0, lr: 0.004
Epochs: 21, Loss: 2580689408.0, lr: 0.004
Epochs: 22, Loss: 2568420608.0, lr: 0.004
Epochs: 23, Loss: 2557603072.0, lr: 0.004
Epochs: 24, Loss: 2547828992.0, lr: 0.004
Epochs: 25, Loss: 2538693888.0, lr: 0.004
Epochs: 26, Loss: 2530200064.0, lr: 0.004
Epochs: 27, Loss: 2522566656.0, lr: 0.004
Epochs: 28, Loss: 2515791360.0, lr: 0.004
Epochs: 29, Loss: 2509601792.0, lr: 0.004
Epochs: 30, Loss: 2503817728.0, lr: 0.004
Epochs: 31, Loss: 2498515712.0, lr: 0.004
Epochs: 32, Loss: 2493781760.0, lr: 0.004
Epochs: 33, Loss: 2489483264.0, lr: 0.004
Epochs: 34, Loss: 2485439488.0, lr: 0.004
Epochs: 35, Loss: 2481670400.0, lr: 0.004
Epochs: 36, Loss: 2478280192.0, lr: 0.004
Epochs: 37, Loss: 2475221504.0, lr: 0.004
Epochs: 38, Loss: 2472363776.0, lr: 0.004
Epochs: 39, Loss: 2469704192.0, lr: 0.004
Epochs: 40, Loss: 2467303936.0, lr: 0.004
Epochs: 41, Loss: 2465108480.0, lr: 0.004
Epochs: 42, Loss: 2463017472.0, lr: 0.004
Epochs: 43, Loss: 2461039360.0, lr: 0.004
Epochs: 44, Loss: 2459210752.0, lr: 0.004
Epochs: 45, Loss: 2457476352.0, lr: 0.004
Epochs: 46, Loss: 2455780352.0, lr: 0.004
Epochs: 47, Loss: 2454141184.0, lr: 0.004
Epochs: 48, Loss: 2452551168.0, lr: 0.004
Epochs: 49, Loss: 2450946816.0, lr: 0.004
Epochs: 50, Loss: 2449317632.0, lr: 0.004
Epochs: 51, Loss: 2447699712.0, lr: 0.004
Epochs: 52, Loss: 2446087168.0, lr: 0.004
Epochs: 53, Loss: 2444466944.0, lr: 0.004
Epochs: 54, Loss: 2442864128.0, lr: 0.004
Epochs: 55, Loss: 2441280000.0, lr: 0.004
Epochs: 56, Loss: 2439693568.0, lr: 0.004
Epochs: 57, Loss: 2438125824.0, lr: 0.004
Epochs: 58, Loss: 2436606208.0, lr: 0.004
Epochs: 59, Loss: 2435132416.0, lr: 0.004
Epochs: 60, Loss: 2433709568.0, lr: 0.004
Epochs: 61, Loss: 2432343552.0, lr: 0.004
Epochs: 62, Loss: 2431014912.0, lr: 0.004
Epochs: 63, Loss: 2429723392.0, lr: 0.004
Epochs: 64, Loss: 2428487168.0, lr: 0.004
Epochs: 65, Loss: 2427306496.0, lr: 0.004
Epochs: 66, Loss: 2426178560.0, lr: 0.004
Epochs: 67, Loss: 2425104128.0, lr: 0.004
Epochs: 68, Loss: 2424068096.0, lr: 0.004
Epochs: 69, Loss: 2423070464.0, lr: 0.004
Epochs: 70, Loss: 2422123008.0, lr: 0.004
Epochs: 71, Loss: 2421226240.0, lr: 0.004
Epochs: 72, Loss: 2420376832.0, lr: 0.004
Epochs: 73, Loss: 2419564288.0, lr: 0.004
Epochs: 74, Loss: 2418767872.0, lr: 0.004
Epochs: 75, Loss: 2417982976.0, lr: 0.004
Epochs: 76, Loss: 2417206528.0, lr: 0.004
Epochs: 77, Loss: 2416425728.0, lr: 0.004
Epochs: 78, Loss: 2415620608.0, lr: 0.004
Epochs: 79, Loss: 2414763776.0, lr: 0.004
Epochs: 80, Loss: 2413844480.0, lr: 0.004
Epochs: 81, Loss: 2412874752.0, lr: 0.004
Epochs: 82, Loss: 2411866880.0, lr: 0.004
Epochs: 83, Loss: 2410831104.0, lr: 0.004
Epochs: 84, Loss: 2409775616.0, lr: 0.004
Epochs: 85, Loss: 2408732928.0, lr: 0.004
Epochs: 86, Loss: 2407764736.0, lr: 0.004
Epochs: 87, Loss: 2406938112.0, lr: 0.004
Epochs: 88, Loss: 2406317568.0, lr: 0.004
Epochs: 89, Loss: 2405979648.0, lr: 0.004
Epochs: 90, Loss: 2406057984.0, lr: 0.004
Epochs: 91, Loss: 2406765056.0, lr: 0.004
Epochs: 92, Loss: 2408399104.0, lr: 0.004
Epochs: 93, Loss: 2411382784.0, lr: 0.004
Epochs: 94, Loss: 2416376832.0, lr: 0.004
Epochs: 95, Loss: 2424495616.0, lr: 0.004
Epochs: 96, Loss: 2437688832.0, lr: 0.004
Epochs: 97, Loss: 2459753216.0, lr: 0.004
Epochs: 98, Loss: 2495986944.0, lr: 0.004
Epochs: 99, Loss: 2544247552.0, lr: 0.004
Epochs: 100, Loss: 2588466432.0, lr: 0.004
Epochs: 101, Loss: 2578791168.0, lr: 0.004
Epochs: 102, Loss: 2545570048.0, lr: 0.004
Epochs: 103, Loss: 2552885760.0, lr: 0.004
Epochs: 104, Loss: 2770121472.0, lr: 0.004
Epochs: 105, Loss: 2511563520.0, lr: 0.004
########## Saving Trace ##########
Traceback (most recent call last):
  File "tv_value_synthesis_trajopt_cartpole.py", line 173, in <module>
    loss.backward()
  File "/home/daniel/.local/share/virtualenvs/Mujoco_Python_Sandbox-gNKKWzd6/lib/python3.7/site-packages/torch/_tensor.py", line 488, in backward
    self, gradient, retain_graph, create_graph, inputs=inputs
  File "/home/daniel/.local/share/virtualenvs/Mujoco_Python_Sandbox-gNKKWzd6/lib/python3.7/site-packages/torch/autograd/__init__.py", line 199, in backward
    allow_unreachable=True, accumulate_grad=True)  # Calls into the C++ engine to run the backward pass
KeyboardInterrupt
During handling of the above exception, another exception occurred:
Traceback (most recent call last):
  File "tv_value_synthesis_trajopt_cartpole.py", line 212, in <module>
    model_scripted = torch.jit.script(dyn_system.value_func.to('cpu'))  # Export to TorchScript
  File "/home/daniel/.local/share/virtualenvs/Mujoco_Python_Sandbox-gNKKWzd6/lib/python3.7/site-packages/torch/jit/_script.py", line 1287, in script
    obj, torch.jit._recursive.infer_methods_to_compile
  File "/home/daniel/.local/share/virtualenvs/Mujoco_Python_Sandbox-gNKKWzd6/lib/python3.7/site-packages/torch/jit/_recursive.py", line 476, in create_script_module
    return create_script_module_impl(nn_module, concrete_type, stubs_fn)
  File "/home/daniel/.local/share/virtualenvs/Mujoco_Python_Sandbox-gNKKWzd6/lib/python3.7/site-packages/torch/jit/_recursive.py", line 542, in create_script_module_impl
    create_methods_and_properties_from_stubs(concrete_type, method_stubs, property_stubs)
  File "/home/daniel/.local/share/virtualenvs/Mujoco_Python_Sandbox-gNKKWzd6/lib/python3.7/site-packages/torch/jit/_recursive.py", line 393, in create_methods_and_properties_from_stubs
    concrete_type._create_methods_and_properties(property_defs, property_rcbs, method_defs, method_rcbs, method_defaults)
RuntimeError:
attribute lookup is not defined on python value of type 'SimulationParams':
  File "tv_value_synthesis_trajopt_cartpole.py", line 64
    def forward(self, t, x):
        time = torch.ones((sim_params.nsim, 1, 1)).to(device) * t
                           ~~~~~~~~~~~~~~~ <--- HERE
        aug_x = torch.cat((x, time), dim=2)
        return self.nn(aug_x)