
Creating window glfw
Epochs: 0, Loss: 3996171264.0, lr: 0.004
Epochs: 1, Loss: 3422949120.0, lr: 0.004
Epochs: 2, Loss: 3257522688.0, lr: 0.004
Epochs: 3, Loss: 3298650624.0, lr: 0.004
Epochs: 4, Loss: 3336463872.0, lr: 0.004
Epochs: 5, Loss: 3296643328.0, lr: 0.004
Epochs: 6, Loss: 3206115072.0, lr: 0.004
Epochs: 7, Loss: 3107860992.0, lr: 0.004
Epochs: 8, Loss: 3028953088.0, lr: 0.004
Epochs: 9, Loss: 2977905152.0, lr: 0.004
Epochs: 10, Loss: 2950295040.0, lr: 0.004
Epochs: 11, Loss: 2935545344.0, lr: 0.004
Epochs: 12, Loss: 2922760960.0, lr: 0.004
Epochs: 13, Loss: 2904632832.0, lr: 0.004
########## Saving Trace ##########
Traceback (most recent call last):
  File "tv_value_synthesis_trajopt_cartpole.py", line 181, in <module>
    ax3.clear()
  File "/home/daniel/.local/share/virtualenvs/Mujoco_Python_Sandbox-gNKKWzd6/lib/python3.7/site-packages/matplotlib/axes/_base.py", line 1480, in clear
    self.cla()
  File "/home/daniel/.local/share/virtualenvs/Mujoco_Python_Sandbox-gNKKWzd6/lib/python3.7/site-packages/matplotlib/axes/_base.py", line 1200, in cla
    spine.clear()
  File "/home/daniel/.local/share/virtualenvs/Mujoco_Python_Sandbox-gNKKWzd6/lib/python3.7/site-packages/matplotlib/spines.py", line 223, in clear
    self.axis.clear()
  File "/home/daniel/.local/share/virtualenvs/Mujoco_Python_Sandbox-gNKKWzd6/lib/python3.7/site-packages/matplotlib/axis.py", line 818, in clear
    self.reset_ticks()
  File "/home/daniel/.local/share/virtualenvs/Mujoco_Python_Sandbox-gNKKWzd6/lib/python3.7/site-packages/matplotlib/axis.py", line 846, in reset_ticks
    self.set_clip_path(self.axes.patch)
  File "/home/daniel/.local/share/virtualenvs/Mujoco_Python_Sandbox-gNKKWzd6/lib/python3.7/site-packages/matplotlib/axis.py", line 936, in set_clip_path
    for child in self.majorTicks + self.minorTicks:
  File "/home/daniel/.local/share/virtualenvs/Mujoco_Python_Sandbox-gNKKWzd6/lib/python3.7/site-packages/matplotlib/axis.py", line 592, in __get__
    tick = instance._get_tick(major=True)
  File "/home/daniel/.local/share/virtualenvs/Mujoco_Python_Sandbox-gNKKWzd6/lib/python3.7/site-packages/matplotlib/axis.py", line 2322, in _get_tick
    return YTick(self.axes, 0, major=major, **tick_kw)
  File "/home/daniel/.local/share/virtualenvs/Mujoco_Python_Sandbox-gNKKWzd6/lib/python3.7/site-packages/matplotlib/axis.py", line 482, in __init__
    data=([1], [0]), transform=ax.get_yaxis_transform("tick2"))
  File "/home/daniel/.local/share/virtualenvs/Mujoco_Python_Sandbox-gNKKWzd6/lib/python3.7/site-packages/matplotlib/axes/_base.py", line 936, in get_yaxis_transform
    return self.spines.right.get_spine_transform()
  File "/home/daniel/.local/share/virtualenvs/Mujoco_Python_Sandbox-gNKKWzd6/lib/python3.7/site-packages/matplotlib/spines.py", line 332, in get_spine_transform
    self._ensure_position_is_set()
  File "/home/daniel/.local/share/virtualenvs/Mujoco_Python_Sandbox-gNKKWzd6/lib/python3.7/site-packages/matplotlib/spines.py", line 204, in _ensure_position_is_set
    self.set_position(self._position)
  File "/home/daniel/.local/share/virtualenvs/Mujoco_Python_Sandbox-gNKKWzd6/lib/python3.7/site-packages/matplotlib/spines.py", line 322, in set_position
    self.axis.reset_ticks()
  File "/home/daniel/.local/share/virtualenvs/Mujoco_Python_Sandbox-gNKKWzd6/lib/python3.7/site-packages/matplotlib/axis.py", line 846, in reset_ticks
    self.set_clip_path(self.axes.patch)
  File "/home/daniel/.local/share/virtualenvs/Mujoco_Python_Sandbox-gNKKWzd6/lib/python3.7/site-packages/matplotlib/axis.py", line 936, in set_clip_path
    for child in self.majorTicks + self.minorTicks:
  File "/home/daniel/.local/share/virtualenvs/Mujoco_Python_Sandbox-gNKKWzd6/lib/python3.7/site-packages/matplotlib/axis.py", line 597, in __get__
    tick = instance._get_tick(major=False)
  File "/home/daniel/.local/share/virtualenvs/Mujoco_Python_Sandbox-gNKKWzd6/lib/python3.7/site-packages/matplotlib/axis.py", line 2322, in _get_tick
    return YTick(self.axes, 0, major=major, **tick_kw)
  File "/home/daniel/.local/share/virtualenvs/Mujoco_Python_Sandbox-gNKKWzd6/lib/python3.7/site-packages/matplotlib/axis.py", line 476, in __init__
    super().__init__(*args, **kwargs)
  File "/home/daniel/.local/share/virtualenvs/Mujoco_Python_Sandbox-gNKKWzd6/lib/python3.7/site-packages/matplotlib/axis.py", line 158, in __init__
    markeredgecolor=color, markersize=size, markeredgewidth=width,
  File "/home/daniel/.local/share/virtualenvs/Mujoco_Python_Sandbox-gNKKWzd6/lib/python3.7/site-packages/matplotlib/lines.py", line 310, in __init__
    super().__init__()
  File "/home/daniel/.local/share/virtualenvs/Mujoco_Python_Sandbox-gNKKWzd6/lib/python3.7/site-packages/matplotlib/artist.py", line 162, in __init__
    self._clippath = None
KeyboardInterrupt
During handling of the above exception, another exception occurred:
Traceback (most recent call last):
  File "tv_value_synthesis_trajopt_cartpole.py", line 218, in <module>
    model_scripted = torch.jit.script(dyn_system.value_func.to('cpu'))  # Export to TorchScript
  File "/home/daniel/.local/share/virtualenvs/Mujoco_Python_Sandbox-gNKKWzd6/lib/python3.7/site-packages/torch/jit/_script.py", line 1287, in script
    obj, torch.jit._recursive.infer_methods_to_compile
  File "/home/daniel/.local/share/virtualenvs/Mujoco_Python_Sandbox-gNKKWzd6/lib/python3.7/site-packages/torch/jit/_recursive.py", line 476, in create_script_module
    return create_script_module_impl(nn_module, concrete_type, stubs_fn)
  File "/home/daniel/.local/share/virtualenvs/Mujoco_Python_Sandbox-gNKKWzd6/lib/python3.7/site-packages/torch/jit/_recursive.py", line 542, in create_script_module_impl
    create_methods_and_properties_from_stubs(concrete_type, method_stubs, property_stubs)
  File "/home/daniel/.local/share/virtualenvs/Mujoco_Python_Sandbox-gNKKWzd6/lib/python3.7/site-packages/torch/jit/_recursive.py", line 393, in create_methods_and_properties_from_stubs
    concrete_type._create_methods_and_properties(property_defs, property_rcbs, method_defs, method_rcbs, method_defaults)
RuntimeError:
attribute lookup is not defined on python value of type 'SimulationParams':
  File "tv_value_synthesis_trajopt_cartpole.py", line 64
    def forward(self, t, x):
        time = torch.ones((sim_params.nsim, 1, 1)).to(device) * t
                           ~~~~~~~~~~~~~~~ <--- HERE
        aug_x = torch.cat((x, time), dim=2)
        return self.nn(aug_x)