
Creating window glfw
Epochs: 0, Loss: 43783516160.0, lr: 0.01
Epochs: 1, Loss: 40855465984.0, lr: 0.009940030040090253
Epochs: 2, Loss: 38032236544.0, lr: 0.009880120321448116
Epochs: 3, Loss: 39017537536.0, lr: 0.009820271087351824
Epochs: 4, Loss: 40442093568.0, lr: 0.009760482583301363
Epochs: 5, Loss: 40089997312.0, lr: 0.009700755057050188
Epochs: 6, Loss: 37896851456.0, lr: 0.009641088758637567
Epochs: 7, Loss: 34515697664.0, lr: 0.00958148394042156
Epochs: 8, Loss: 31859929088.0, lr: 0.009521940857112636
Epochs: 9, Loss: 29182781440.0, lr: 0.009462459765807965
Epochs: 10, Loss: 27603982336.0, lr: 0.00940304092602639
Epochs: 11, Loss: 26530086912.0, lr: 0.009343684599744093
Epochs: 12, Loss: 26166001664.0, lr: 0.009284391051430982
Epochs: 13, Loss: 26027225088.0, lr: 0.00922516054808782
Epochs: 14, Loss: 25582946304.0, lr: 0.009165993359284084
Epochs: 15, Loss: 24807170048.0, lr: 0.009106889757196639
Epochs: 16, Loss: 23884412928.0, lr: 0.009047850016649154
Epochs: 17, Loss: 23151257600.0, lr: 0.008988874415152377
Epochs: 18, Loss: 22322034688.0, lr: 0.008929963232945216
Epochs: 19, Loss: 22003378176.0, lr: 0.008871116753036697
Epochs: 20, Loss: 21429516288.0, lr: 0.008812335261248791
Epochs: 21, Loss: 20683233280.0, lr: 0.008753619046260144
Epochs: 22, Loss: 20645722112.0, lr: 0.00869496839965074
Epochs: 23, Loss: 19862833152.0, lr: 0.008636383615947521
Epochs: 24, Loss: 18640947200.0, lr: 0.00857786499267097
Epochs: 25, Loss: 17885181952.0, lr: 0.008519412830382721
Epochs: 26, Loss: 17217679360.0, lr: 0.008461027432734181
Epochs: 27, Loss: 16573171712.0, lr: 0.008402709106516233
Epochs: 28, Loss: 16139269120.0, lr: 0.008344458161710002
Epochs: 29, Loss: 15691606016.0, lr: 0.008286274911538785
Epochs: 30, Loss: 15042009088.0, lr: 0.008228159672521091
Epochs: 31, Loss: 14290280448.0, lr: 0.008170112764524893
Epochs: 32, Loss: 13695223808.0, lr: 0.008112134510823083
Epochs: 33, Loss: 13309188096.0, lr: 0.008054225238150201
Epochs: 34, Loss: 12915551232.0, lr: 0.007996385276760424
Epochs: 35, Loss: 12312867840.0, lr: 0.007938614960486916
Epochs: 36, Loss: 11863232512.0, lr: 0.00788091462680252
Epochs: 37, Loss: 11475964928.0, lr: 0.007823284616881854
Epochs: 38, Loss: 11049277440.0, lr: 0.007765725275664881
Epochs: 39, Loss: 10650626048.0, lr: 0.007708236951921931
Epochs: 40, Loss: 10281322496.0, lr: 0.007650819998320297
Epochs: 41, Loss: 9857320960.0, lr: 0.007593474771492367
Epochs: 42, Loss: 9425206272.0, lr: 0.007536201632105431
Epochs: 43, Loss: 8892163072.0, lr: 0.007479000944933124
Epochs: 44, Loss: 8132054016.0, lr: 0.007421873078928632
Epochs: 45, Loss: 8205119488.0, lr: 0.007364818407299646
Epochs: 46, Loss: 7872639488.0, lr: 0.007307837307585186
Epochs: 47, Loss: 7373730816.0, lr: 0.007250930161734293
Epochs: 48, Loss: 6812191232.0, lr: 0.00719409735618669
Epochs: 49, Loss: 6745917952.0, lr: 0.007137339281955456
Epochs: 50, Loss: 6704478720.0, lr: 0.007080656334711765
Epochs: 51, Loss: 6272262656.0, lr: 0.007024048914871794
Epochs: 52, Loss: 6280570368.0, lr: 0.006967517427685831
########## Saving Trace ##########
Traceback (most recent call last):
  File "tv_value_synthesis_trajopt_cartpole.py", line 188, in <module>
    traj, dtraj_dt = odeint(dyn_system, x_init, time, method='euler', options=dict(step_size=dt))
  File "/home/daniel/.local/share/virtualenvs/Mujoco_Python_Sandbox-gNKKWzd6/lib/python3.7/site-packages/torchdiffeq_ctrl/_impl/adjoint.py", line 209, in odeint_adjoint
    adjoint_method, adjoint_options, t.requires_grad, *adjoint_params)
  File "/home/daniel/.local/share/virtualenvs/Mujoco_Python_Sandbox-gNKKWzd6/lib/python3.7/site-packages/torchdiffeq_ctrl/_impl/adjoint.py", line 23, in forward
    ans, ans_dt = odeint(func, y0, t, rtol=rtol, atol=atol, method=method, options=options)
  File "/home/daniel/.local/share/virtualenvs/Mujoco_Python_Sandbox-gNKKWzd6/lib/python3.7/site-packages/torchdiffeq_ctrl/_impl/odeint.py", line 57, in odeint
    solution, solution_dt = solver.integrate(t)
  File "/home/daniel/.local/share/virtualenvs/Mujoco_Python_Sandbox-gNKKWzd6/lib/python3.7/site-packages/torchdiffeq_ctrl/_impl/solvers.py", line 72, in integrate
    dy, f0 = self._step_func(self.func, t0, dt, t1, y0)
  File "/home/daniel/.local/share/virtualenvs/Mujoco_Python_Sandbox-gNKKWzd6/lib/python3.7/site-packages/torchdiffeq_ctrl/_impl/fixed_grid.py", line 9, in _step_func
    f0 = func(t0, y0, perturb=Perturb.NEXT if self.perturb else Perturb.NONE)
  File "/home/daniel/.local/share/virtualenvs/Mujoco_Python_Sandbox-gNKKWzd6/lib/python3.7/site-packages/torch/nn/modules/module.py", line 1190, in _call_impl
    return forward_call(*input, **kwargs)
  File "/home/daniel/.local/share/virtualenvs/Mujoco_Python_Sandbox-gNKKWzd6/lib/python3.7/site-packages/torchdiffeq_ctrl/_impl/misc.py", line 193, in forward
    return self.base_func(t, y)
  File "/home/daniel/.local/share/virtualenvs/Mujoco_Python_Sandbox-gNKKWzd6/lib/python3.7/site-packages/torch/nn/modules/module.py", line 1190, in _call_impl
    return forward_call(*input, **kwargs)
  File "/home/daniel/.local/share/virtualenvs/Mujoco_Python_Sandbox-gNKKWzd6/lib/python3.7/site-packages/torchdiffeq_ctrl/_impl/misc.py", line 193, in forward
    return self.base_func(t, y)
  File "/home/daniel/.local/share/virtualenvs/Mujoco_Python_Sandbox-gNKKWzd6/lib/python3.7/site-packages/torch/nn/modules/module.py", line 1208, in _call_impl
    result = forward_call(*input, **kwargs)
  File "/home/daniel/Repos/Mujoco_Python_Sandbox/value_gradient/neural_value_synthesis_diffeq.py", line 165, in forward
    u = self._ctrl(t, x)
  File "/home/daniel/Repos/Mujoco_Python_Sandbox/value_gradient/neural_value_synthesis_diffeq.py", line 123, in hjb
    return self._policy(q, v, x, Vx)
  File "/home/daniel/Repos/Mujoco_Python_Sandbox/value_gradient/neural_value_synthesis_diffeq.py", line 77, in underactuated_inv_policy
    Mu, Mua = self._dynamics._Mu_Mua(q)
  File "/home/daniel/Repos/Mujoco_Python_Sandbox/value_gradient/models.py", line 162, in _Mu_Mua
    M = self._Mfull(q)
  File "/home/daniel/Repos/Mujoco_Python_Sandbox/value_gradient/models.py", line 157, in _Mfull
    Mlow = self._Muact(q)
  File "/home/daniel/Repos/Mujoco_Python_Sandbox/value_gradient/models.py", line 143, in _Muact
    return torch.cat((M21, M22), 2)
KeyboardInterrupt
During handling of the above exception, another exception occurred:
Traceback (most recent call last):
  File "tv_value_synthesis_trajopt_cartpole.py", line 229, in <module>
    model_scripted = torch.jit.script(dyn_system.value_func.to('cpu'))  # Export to TorchScript
  File "/home/daniel/.local/share/virtualenvs/Mujoco_Python_Sandbox-gNKKWzd6/lib/python3.7/site-packages/torch/jit/_script.py", line 1287, in script
    obj, torch.jit._recursive.infer_methods_to_compile
  File "/home/daniel/.local/share/virtualenvs/Mujoco_Python_Sandbox-gNKKWzd6/lib/python3.7/site-packages/torch/jit/_recursive.py", line 476, in create_script_module
    return create_script_module_impl(nn_module, concrete_type, stubs_fn)
  File "/home/daniel/.local/share/virtualenvs/Mujoco_Python_Sandbox-gNKKWzd6/lib/python3.7/site-packages/torch/jit/_recursive.py", line 542, in create_script_module_impl
    create_methods_and_properties_from_stubs(concrete_type, method_stubs, property_stubs)
  File "/home/daniel/.local/share/virtualenvs/Mujoco_Python_Sandbox-gNKKWzd6/lib/python3.7/site-packages/torch/jit/_recursive.py", line 393, in create_methods_and_properties_from_stubs
    concrete_type._create_methods_and_properties(property_defs, property_rcbs, method_defs, method_rcbs, method_defaults)
RuntimeError:
attribute lookup is not defined on python value of type 'SimulationParams':
  File "tv_value_synthesis_trajopt_cartpole.py", line 76
    def forward(self, t, x):
        time = torch.ones((sim_params.nsim, 1, 1)).to(device) * t
                           ~~~~~~~~~~~~~~~ <--- HERE
        aug_x = torch.cat((x, time), dim=2)
        return self.nn(aug_x)