
Creating window glfw
Epochs: 0, Loss: 1527347281920.0, lr: 0.004
########## Saving Trace ##########
Traceback (most recent call last):
  File "/home/daniel/Repos/Mujoco_Python_Sandbox/value_gradient/tv_value_synthesis_trajopt_cartpole.py", line 194, in <module>
    renderer.render(traj[:, selection, 0, :sim_params.nq].cpu().detach().numpy())
  File "/home/daniel/Repos/Mujoco_Python_Sandbox/value_gradient/mj_renderer.py", line 38, in render
    self.viewer.render()
  File "/home/daniel/.local/share/virtualenvs/Mujoco_Python_Sandbox-gNKKWzd6/lib/python3.7/site-packages/mujoco_py/mjviewer.py", line 206, in render
    render_inner_loop(self)
  File "/home/daniel/.local/share/virtualenvs/Mujoco_Python_Sandbox-gNKKWzd6/lib/python3.7/site-packages/mujoco_py/mjviewer.py", line 182, in render_inner_loop
    super().render()
  File "/home/daniel/.local/share/virtualenvs/Mujoco_Python_Sandbox-gNKKWzd6/lib/python3.7/site-packages/mujoco_py/mjviewer.py", line 58, in render
    super().render()
  File "mjrendercontext.pyx", line 329, in mujoco_py.cymj.MjRenderContextWindow.render
  File "/home/daniel/.local/share/virtualenvs/Mujoco_Python_Sandbox-gNKKWzd6/lib/python3.7/site-packages/glfw/__init__.py", line 2369, in swap_buffers
    _glfw.glfwSwapBuffers(window)
  File "/home/daniel/.local/share/virtualenvs/Mujoco_Python_Sandbox-gNKKWzd6/lib/python3.7/site-packages/glfw/__init__.py", line 682, in errcheck
    def errcheck(result, *args):
  File "/snap/pycharm-professional/319/plugins/python/helpers/pydev/_pydevd_bundle/pydevd_trace_dispatch_regular.py", line 366, in __call__
    def __call__(self, frame, event, arg):
KeyboardInterrupt
During handling of the above exception, another exception occurred:
Traceback (most recent call last):
  File "/snap/pycharm-professional/319/plugins/python/helpers/pydev/pydevd.py", line 2195, in <module>
    main()
  File "/snap/pycharm-professional/319/plugins/python/helpers/pydev/pydevd.py", line 2177, in main
    globals = debugger.run(setup['file'], None, None, is_module)
  File "/snap/pycharm-professional/319/plugins/python/helpers/pydev/pydevd.py", line 1489, in run
    return self._exec(is_module, entry_point_fn, module_name, file, globals, locals)
  File "/snap/pycharm-professional/319/plugins/python/helpers/pydev/pydevd.py", line 1496, in _exec
    pydev_imports.execfile(file, globals, locals)  # execute the script
  File "/snap/pycharm-professional/319/plugins/python/helpers/pydev/_pydev_imps/_pydev_execfile.py", line 18, in execfile
    exec(compile(contents+"\n", file, 'exec'), glob, loc)
  File "/home/daniel/Repos/Mujoco_Python_Sandbox/value_gradient/tv_value_synthesis_trajopt_cartpole.py", line 210, in <module>
    model_scripted = torch.jit.script(dyn_system.value_func.to('cpu'))  # Export to TorchScript
  File "/home/daniel/.local/share/virtualenvs/Mujoco_Python_Sandbox-gNKKWzd6/lib/python3.7/site-packages/torch/jit/_script.py", line 1287, in script
    obj, torch.jit._recursive.infer_methods_to_compile
  File "/home/daniel/.local/share/virtualenvs/Mujoco_Python_Sandbox-gNKKWzd6/lib/python3.7/site-packages/torch/jit/_recursive.py", line 476, in create_script_module
    return create_script_module_impl(nn_module, concrete_type, stubs_fn)
  File "/home/daniel/.local/share/virtualenvs/Mujoco_Python_Sandbox-gNKKWzd6/lib/python3.7/site-packages/torch/jit/_recursive.py", line 542, in create_script_module_impl
    create_methods_and_properties_from_stubs(concrete_type, method_stubs, property_stubs)
  File "/home/daniel/.local/share/virtualenvs/Mujoco_Python_Sandbox-gNKKWzd6/lib/python3.7/site-packages/torch/jit/_recursive.py", line 393, in create_methods_and_properties_from_stubs
    concrete_type._create_methods_and_properties(property_defs, property_rcbs, method_defs, method_rcbs, method_defaults)
RuntimeError:
attribute lookup is not defined on python value of type 'SimulationParams':
  File "/home/daniel/Repos/Mujoco_Python_Sandbox/value_gradient/tv_value_synthesis_trajopt_cartpole.py", line 64
    def forward(self, t, x):
        time = torch.ones((sim_params.nsim, 1, 1)).to(device) * t
                           ~~~~~~~~~~~~~~~ <--- HERE
        aug_x = torch.cat((x, time), dim=2)
